[2021-03-12 10:29:49,229] multiqc                                            [DEBUG  ]  No MultiQC config found: /home/dchen/anaconda3/lib/python3.7/site-packages/multiqc_config.yaml
[2021-03-12 10:29:49,229] multiqc                                            [DEBUG  ]  No MultiQC config found: /home/dchen/.multiqc_config.yaml
[2021-03-12 10:29:49,229] multiqc                                            [DEBUG  ]  No MultiQC config found: multiqc_config.yaml
[2021-03-12 10:29:49,230] multiqc                                            [DEBUG  ]  Command used: /home/dchen/anaconda3/bin/multiqc qc_reports/mapping_reads -o qc_reports/summary_mapped
[2021-03-12 10:29:50,578] multiqc                                            [WARNING]  MultiQC Version v1.10 now available!
[2021-03-12 10:29:50,579] multiqc                                            [INFO   ]  This is MultiQC v1.9
[2021-03-12 10:29:50,579] multiqc                                            [DEBUG  ]  Command     : /home/dchen/anaconda3/bin/multiqc qc_reports/mapping_reads -o qc_reports/summary_mapped
[2021-03-12 10:29:50,579] multiqc                                            [DEBUG  ]  Working dir : /home/dchen/Downloads/FRED_HUTCH/BULK_RNA_SEQ
[2021-03-12 10:29:50,579] multiqc                                            [INFO   ]  Template    : default
[2021-03-12 10:29:50,579] multiqc                                            [DEBUG  ]  Running Python 3.7.3 (default, Mar 27 2019, 22:11:17)  [GCC 7.3.0]
[2021-03-12 10:29:50,579] multiqc                                            [INFO   ]  Searching   : /home/dchen/Downloads/FRED_HUTCH/BULK_RNA_SEQ/qc_reports/mapping_reads
[2021-03-12 10:29:50,580] multiqc                                            [DEBUG  ]  Analysing modules: custom_content, conpair, peddy, somalier, methylQA, mosdepth, phantompeakqualtools, qualimap, preseq, quast, qorts, rna_seqc, rockhopper, rsem, rseqc, busco, goleft_indexcov, disambiguate, supernova, deeptools, sargasso, verifybamid, mirtrace, happy, mirtop, homer, macs2, theta2, snpeff, gatk, htseq, bcftools, featureCounts, fgbio, dragen, dedup, damageprofiler, biobambam2, mtnucratio, picard, prokka, samblaster, samtools, sexdeterrmine, bamtools, jellyfish, vcftools, longranger, stacks, varscan2, bbmap, bismark, biscuit, hicexplorer, hicup, hicpro, salmon, kallisto, slamdunk, star, hisat2, tophat, bowtie2, bowtie1, snpsplit, kat, leehom, adapterRemoval, clipandmerge, cutadapt, flexbar, kaiju, kraken, malt, trimmomatic, sickle, skewer, sortmerna, biobloomtools, fastq_screen, afterqc, fastp, fastqc, pycoqc, minionqc, multivcfanalyzer, clusterflow, bcl2fastq, interop, ivar, flash, seqyclean
[2021-03-12 10:29:50,580] multiqc                                            [DEBUG  ]  Using temporary directory for creating report: /tmp/tmprflarlff
[2021-03-12 10:29:50,963] multiqc                                            [DEBUG  ]  File ignored by hicexplorer because it exceeded search pattern filesize limit: WT_DSS_D1_REP1_trimmed_Log.out
[2021-03-12 10:29:50,968] multiqc                                            [DEBUG  ]  File ignored by longranger/invocation because it exceeded search pattern filesize limit: WT_DSS_D1_REP1_trimmed_Log.out
[2021-03-12 10:29:51,004] multiqc                                            [DEBUG  ]  File ignored by hicexplorer because it exceeded search pattern filesize limit: MAP3Kneg_DSS_D1_REP2_trimmed_Log.out
[2021-03-12 10:29:51,007] multiqc                                            [DEBUG  ]  File ignored by longranger/invocation because it exceeded search pattern filesize limit: MAP3Kneg_DSS_D1_REP2_trimmed_Log.out
[2021-03-12 10:29:51,036] multiqc                                            [DEBUG  ]  File ignored by hicexplorer because it exceeded search pattern filesize limit: WT_DSS_D1_REP3_trimmed_Log.out
[2021-03-12 10:29:51,038] multiqc                                            [DEBUG  ]  File ignored by longranger/invocation because it exceeded search pattern filesize limit: WT_DSS_D1_REP3_trimmed_Log.out
[2021-03-12 10:29:51,109] multiqc                                            [DEBUG  ]  File ignored by hicexplorer because it exceeded search pattern filesize limit: WT_DSS_D1_REP2_trimmed_Log.out
[2021-03-12 10:29:51,112] multiqc                                            [DEBUG  ]  File ignored by longranger/invocation because it exceeded search pattern filesize limit: WT_DSS_D1_REP2_trimmed_Log.out
[2021-03-12 10:29:51,135] multiqc                                            [DEBUG  ]  File ignored by hicexplorer because it exceeded search pattern filesize limit: MAP3Kneg_DSS_D1_REP3_trimmed_marked_dup_metrics.txt
[2021-03-12 10:29:51,138] multiqc                                            [DEBUG  ]  File ignored by longranger/invocation because it exceeded search pattern filesize limit: MAP3Kneg_DSS_D1_REP3_trimmed_marked_dup_metrics.txt
[2021-03-12 10:29:51,197] multiqc                                            [DEBUG  ]  File ignored by hicexplorer because it exceeded search pattern filesize limit: WT_DSS_D1_REP2_trimmed_marked_dup_metrics.txt
[2021-03-12 10:29:51,200] multiqc                                            [DEBUG  ]  File ignored by longranger/invocation because it exceeded search pattern filesize limit: WT_DSS_D1_REP2_trimmed_marked_dup_metrics.txt
[2021-03-12 10:29:51,256] multiqc                                            [DEBUG  ]  File ignored by hicexplorer because it exceeded search pattern filesize limit: WT_DSS_D1_REP3_trimmed_marked_dup_metrics.txt
[2021-03-12 10:29:51,259] multiqc                                            [DEBUG  ]  File ignored by longranger/invocation because it exceeded search pattern filesize limit: WT_DSS_D1_REP3_trimmed_marked_dup_metrics.txt
[2021-03-12 10:29:51,296] multiqc                                            [DEBUG  ]  File ignored by hicexplorer because it exceeded search pattern filesize limit: rseqc.geneBodyCoverage.r
[2021-03-12 10:29:51,299] multiqc                                            [DEBUG  ]  File ignored by longranger/invocation because it exceeded search pattern filesize limit: rseqc.geneBodyCoverage.r
[2021-03-12 10:29:51,378] multiqc                                            [DEBUG  ]  File ignored by hicexplorer because it exceeded search pattern filesize limit: WT_DSS_D1_REP1_trimmed_marked_dup_metrics.txt
[2021-03-12 10:29:51,381] multiqc                                            [DEBUG  ]  File ignored by longranger/invocation because it exceeded search pattern filesize limit: WT_DSS_D1_REP1_trimmed_marked_dup_metrics.txt
[2021-03-12 10:29:51,456] multiqc                                            [DEBUG  ]  File ignored by hicexplorer because it exceeded search pattern filesize limit: MAP3Kneg_DSS_D1_REP1_trimmed_marked_dup_metrics.txt
[2021-03-12 10:29:51,459] multiqc                                            [DEBUG  ]  File ignored by longranger/invocation because it exceeded search pattern filesize limit: MAP3Kneg_DSS_D1_REP1_trimmed_marked_dup_metrics.txt
[2021-03-12 10:29:51,550] multiqc                                            [DEBUG  ]  File ignored by hicexplorer because it exceeded search pattern filesize limit: MAP3Kneg_DSS_D1_REP1_trimmed_Log.out
[2021-03-12 10:29:51,553] multiqc                                            [DEBUG  ]  File ignored by longranger/invocation because it exceeded search pattern filesize limit: MAP3Kneg_DSS_D1_REP1_trimmed_Log.out
[2021-03-12 10:29:51,601] multiqc                                            [DEBUG  ]  File ignored by hicexplorer because it exceeded search pattern filesize limit: MAP3Kneg_DSS_D1_REP2_trimmed_marked_dup_metrics.txt
[2021-03-12 10:29:51,604] multiqc                                            [DEBUG  ]  File ignored by longranger/invocation because it exceeded search pattern filesize limit: MAP3Kneg_DSS_D1_REP2_trimmed_marked_dup_metrics.txt
[2021-03-12 10:29:51,664] multiqc                                            [DEBUG  ]  Ignoring file as matched an ignore pattern: rseqc.geneBodyCoverage.curves.pdf
[2021-03-12 10:29:51,730] multiqc                                            [DEBUG  ]  Ignoring file as matched an ignore pattern: rseqc.geneBodyCoverage.heatMap.pdf
[2021-03-12 10:29:51,756] multiqc                                            [DEBUG  ]  File ignored by hicexplorer because it exceeded search pattern filesize limit: MAP3Kneg_DSS_D1_REP3_trimmed_Log.out
[2021-03-12 10:29:51,759] multiqc                                            [DEBUG  ]  File ignored by longranger/invocation because it exceeded search pattern filesize limit: MAP3Kneg_DSS_D1_REP3_trimmed_Log.out
[2021-03-12 10:29:52,926] multiqc.plots.bargraph                             [DEBUG  ]  Using matplotlib version 3.2.1
[2021-03-12 10:29:52,930] multiqc.plots.linegraph                            [DEBUG  ]  Using matplotlib version 3.2.1
[2021-03-12 10:29:52,936] multiqc                                            [DEBUG  ]  No samples found: custom_content
[2021-03-12 10:29:52,945] multiqc                                            [DEBUG  ]  No samples found: conpair
[2021-03-12 10:29:52,957] multiqc                                            [DEBUG  ]  No samples found: peddy
[2021-03-12 10:29:52,979] multiqc                                            [DEBUG  ]  No samples found: somalier
[2021-03-12 10:29:52,990] multiqc                                            [DEBUG  ]  No samples found: methylQA
[2021-03-12 10:29:53,022] multiqc                                            [DEBUG  ]  No samples found: mosdepth
[2021-03-12 10:29:53,040] multiqc                                            [DEBUG  ]  No samples found: phantompeakqualtools
[2021-03-12 10:29:53,047] multiqc                                            [DEBUG  ]  No samples found: qualimap
[2021-03-12 10:29:53,053] multiqc                                            [DEBUG  ]  No samples found: preseq
[2021-03-12 10:29:53,060] multiqc                                            [DEBUG  ]  No samples found: quast
[2021-03-12 10:29:53,081] multiqc                                            [DEBUG  ]  No samples found: qorts
[2021-03-12 10:29:53,088] multiqc                                            [DEBUG  ]  No samples found: rna_seqc
[2021-03-12 10:29:53,099] multiqc                                            [DEBUG  ]  No samples found: rockhopper
[2021-03-12 10:29:53,114] multiqc                                            [DEBUG  ]  No samples found: rsem
[2021-03-12 10:29:53,155] multiqc.modules.rseqc.rseqc                        [INFO   ]  Found 6 read_distribution reports
[2021-03-12 10:29:53,172] multiqc.modules.rseqc.rseqc                        [INFO   ]  Found 6 gene_body_coverage reports
[2021-03-12 10:29:53,180] multiqc.modules.rseqc.rseqc                        [INFO   ]  Found 6 infer_experiment reports
[2021-03-12 10:29:53,195] multiqc                                            [DEBUG  ]  No samples found: busco
[2021-03-12 10:29:53,212] multiqc                                            [DEBUG  ]  No samples found: goleft_indexcov
[2021-03-12 10:29:53,234] multiqc                                            [DEBUG  ]  No samples found: disambiguate
[2021-03-12 10:29:53,244] multiqc                                            [DEBUG  ]  No samples found: supernova
[2021-03-12 10:29:53,290] multiqc                                            [DEBUG  ]  No samples found: deeptools
[2021-03-12 10:29:53,311] multiqc                                            [DEBUG  ]  No samples found: sargasso
[2021-03-12 10:29:53,318] multiqc                                            [DEBUG  ]  No samples found: verifybamid
[2021-03-12 10:29:53,324] multiqc                                            [DEBUG  ]  No samples found: mirtrace
[2021-03-12 10:29:53,346] multiqc                                            [DEBUG  ]  No samples found: happy
[2021-03-12 10:29:53,353] multiqc                                            [DEBUG  ]  No samples found: mirtop
[2021-03-12 10:29:53,369] multiqc                                            [DEBUG  ]  No samples found: homer
[2021-03-12 10:29:53,387] multiqc                                            [DEBUG  ]  No samples found: macs2
[2021-03-12 10:29:53,402] multiqc                                            [DEBUG  ]  No samples found: theta2
[2021-03-12 10:29:53,420] multiqc                                            [DEBUG  ]  No samples found: snpeff
[2021-03-12 10:29:53,435] multiqc                                            [DEBUG  ]  No samples found: gatk
[2021-03-12 10:29:53,447] multiqc                                            [DEBUG  ]  No samples found: htseq
[2021-03-12 10:29:53,458] multiqc                                            [DEBUG  ]  No samples found: bcftools
[2021-03-12 10:29:53,465] multiqc                                            [DEBUG  ]  No samples found: featureCounts
[2021-03-12 10:29:53,487] multiqc                                            [DEBUG  ]  No samples found: fgbio
[2021-03-12 10:29:53,499] multiqc                                            [DEBUG  ]  No samples found: dragen
[2021-03-12 10:29:53,507] multiqc                                            [DEBUG  ]  No samples found: dedup
[2021-03-12 10:29:53,518] multiqc                                            [DEBUG  ]  No samples found: damageprofiler
[2021-03-12 10:29:53,555] multiqc                                            [DEBUG  ]  No samples found: biobambam2
[2021-03-12 10:29:53,565] multiqc                                            [DEBUG  ]  No samples found: mtnucratio
[2021-03-12 10:29:53,579] multiqc.modules.picard.picard                      [INFO   ]  Found 6 MarkDuplicates reports
[2021-03-12 10:29:53,596] multiqc                                            [DEBUG  ]  No samples found: prokka
[2021-03-12 10:29:53,603] multiqc                                            [DEBUG  ]  No samples found: samblaster
[2021-03-12 10:29:53,643] multiqc.modules.samtools.samtools                  [INFO   ]  Found 6 idxstats reports
[2021-03-12 10:29:53,650] multiqc                                            [DEBUG  ]  No samples found: sexdeterrmine
[2021-03-12 10:29:53,657] multiqc                                            [DEBUG  ]  No samples found: bamtools
[2021-03-12 10:29:53,669] multiqc                                            [DEBUG  ]  No samples found: jellyfish
[2021-03-12 10:29:53,677] multiqc                                            [DEBUG  ]  No samples found: vcftools
[2021-03-12 10:29:53,689] multiqc                                            [DEBUG  ]  No samples found: longranger
[2021-03-12 10:29:53,705] multiqc                                            [DEBUG  ]  No samples found: stacks
[2021-03-12 10:29:53,720] multiqc                                            [DEBUG  ]  No samples found: varscan2
[2021-03-12 10:29:53,749] multiqc                                            [DEBUG  ]  No samples found: bbmap
[2021-03-12 10:29:53,755] multiqc                                            [DEBUG  ]  No samples found: bismark
[2021-03-12 10:29:53,768] multiqc                                            [DEBUG  ]  No samples found: biscuit
[2021-03-12 10:29:53,779] multiqc                                            [DEBUG  ]  No samples found: hicexplorer
[2021-03-12 10:29:53,786] multiqc                                            [DEBUG  ]  No samples found: hicup
[2021-03-12 10:29:53,812] multiqc                                            [DEBUG  ]  No samples found: hicpro
[2021-03-12 10:29:53,822] multiqc                                            [DEBUG  ]  No samples found: salmon
[2021-03-12 10:29:53,840] multiqc                                            [DEBUG  ]  No samples found: kallisto
[2021-03-12 10:29:53,848] multiqc                                            [DEBUG  ]  No samples found: slamdunk
[2021-03-12 10:29:53,876] multiqc.modules.star.star                          [INFO   ]  Found 6 reports
[2021-03-12 10:29:53,884] multiqc                                            [DEBUG  ]  No samples found: hisat2
[2021-03-12 10:29:53,890] multiqc                                            [DEBUG  ]  No samples found: tophat
[2021-03-12 10:29:53,896] multiqc                                            [DEBUG  ]  No samples found: bowtie2
[2021-03-12 10:29:53,902] multiqc                                            [DEBUG  ]  No samples found: bowtie1
[2021-03-12 10:29:53,914] multiqc                                            [DEBUG  ]  No samples found: snpsplit
[2021-03-12 10:29:53,921] multiqc                                            [DEBUG  ]  No samples found: kat
[2021-03-12 10:29:53,928] multiqc                                            [DEBUG  ]  No samples found: leehom
[2021-03-12 10:29:53,935] multiqc                                            [DEBUG  ]  No samples found: adapterRemoval
[2021-03-12 10:29:53,944] multiqc                                            [DEBUG  ]  No samples found: clipandmerge
[2021-03-12 10:29:53,950] multiqc                                            [DEBUG  ]  No samples found: cutadapt
[2021-03-12 10:29:53,956] multiqc                                            [DEBUG  ]  No samples found: flexbar
[2021-03-12 10:29:53,963] multiqc                                            [DEBUG  ]  No samples found: kaiju
[2021-03-12 10:29:53,969] multiqc                                            [DEBUG  ]  No samples found: kraken
[2021-03-12 10:29:53,986] multiqc                                            [DEBUG  ]  No samples found: malt
[2021-03-12 10:29:53,998] multiqc                                            [DEBUG  ]  No samples found: trimmomatic
[2021-03-12 10:29:54,004] multiqc                                            [DEBUG  ]  No samples found: sickle
[2021-03-12 10:29:54,011] multiqc                                            [DEBUG  ]  No samples found: skewer
[2021-03-12 10:29:54,017] multiqc                                            [DEBUG  ]  No samples found: sortmerna
[2021-03-12 10:29:54,025] multiqc                                            [DEBUG  ]  No samples found: biobloomtools
[2021-03-12 10:29:54,031] multiqc                                            [DEBUG  ]  No samples found: fastq_screen
[2021-03-12 10:29:54,038] multiqc                                            [DEBUG  ]  No samples found: afterqc
[2021-03-12 10:29:54,046] multiqc                                            [DEBUG  ]  No samples found: fastp
[2021-03-12 10:29:54,062] multiqc                                            [DEBUG  ]  No samples found: fastqc
[2021-03-12 10:29:54,070] multiqc                                            [DEBUG  ]  No samples found: pycoqc
[2021-03-12 10:29:54,076] multiqc                                            [DEBUG  ]  No samples found: minionqc
[2021-03-12 10:29:54,095] multiqc                                            [DEBUG  ]  No samples found: multivcfanalyzer
[2021-03-12 10:29:54,109] multiqc                                            [DEBUG  ]  No samples found: clusterflow
[2021-03-12 10:29:54,120] multiqc                                            [DEBUG  ]  No samples found: bcl2fastq
[2021-03-12 10:29:54,127] multiqc                                            [DEBUG  ]  No samples found: interop
[2021-03-12 10:29:54,136] multiqc                                            [DEBUG  ]  No samples found: ivar
[2021-03-12 10:29:54,153] multiqc                                            [DEBUG  ]  No samples found: flash
[2021-03-12 10:29:54,161] multiqc                                            [DEBUG  ]  No samples found: seqyclean
[2021-03-12 10:29:54,172] multiqc                                            [INFO   ]  Compressing plot data
[2021-03-12 10:29:54,318] multiqc                                            [INFO   ]  Report      : qc_reports/summary_mapped/multiqc_report.html
[2021-03-12 10:29:54,318] multiqc                                            [INFO   ]  Data        : qc_reports/summary_mapped/multiqc_data
[2021-03-12 10:29:54,318] multiqc                                            [DEBUG  ]  Moving data file from '/tmp/tmprflarlff/multiqc_data' to 'qc_reports/summary_mapped/multiqc_data'
[2021-03-12 10:29:54,598] multiqc                                            [INFO   ]  MultiQC complete
