                                 Started job on |	Mar 28 23:46:51
                             Started mapping on |	Mar 28 23:47:07
                                    Finished on |	Mar 28 23:49:03
       Mapping speed, Million of reads per hour |	138.02

                          Number of input reads |	4447410
                      Average input read length |	200
                                    UNIQUE READS:
                   Uniquely mapped reads number |	2896061
                        Uniquely mapped reads % |	65.12%
                          Average mapped length |	199.01
                       Number of splices: Total |	1536714
            Number of splices: Annotated (sjdb) |	1476124
                       Number of splices: GT/AG |	1521208
                       Number of splices: GC/AG |	10239
                       Number of splices: AT/AC |	1387
               Number of splices: Non-canonical |	3880
                      Mismatch rate per base, % |	0.31%
                         Deletion rate per base |	0.01%
                        Deletion average length |	1.59
                        Insertion rate per base |	0.01%
                       Insertion average length |	1.30
                             MULTI-MAPPING READS:
        Number of reads mapped to multiple loci |	417517
             % of reads mapped to multiple loci |	9.39%
        Number of reads mapped to too many loci |	13090
             % of reads mapped to too many loci |	0.29%
                                  UNMAPPED READS:
  Number of reads unmapped: too many mismatches |	0
       % of reads unmapped: too many mismatches |	0.00%
            Number of reads unmapped: too short |	1114362
                 % of reads unmapped: too short |	25.06%
                Number of reads unmapped: other |	6380
                     % of reads unmapped: other |	0.14%
                                  CHIMERIC READS:
                       Number of chimeric reads |	0
                            % of chimeric reads |	0.00%
