STAR version=2.7.8a
STAR compilation time,server,dir=Sat Feb 20 13:34:37 EST 2021 vega:/home/dobin/data/STAR/STARcode/STAR.master/source
##### Command Line:
STAR --runThreadN 10 --genomeDir data/reference_STAR/ --readFilesIn data/trimmed_data/4194L_trimmed_read1.fastq.gz data/trimmed_data/4194L_trimmed_read2.fastq.gz --outSAMtype BAM SortedByCoordinate --outBAMsortingThreadN 10 --outFileNamePrefix data/mapped_data/4194L_trimmed_ --readFilesCommand gunzip -c --quantMode GeneCounts
##### Initial USER parameters from Command Line:
outFileNamePrefix                 data/mapped_data/4194L_trimmed_
###### All USER parameters from Command Line:
runThreadN                    10     ~RE-DEFINED
genomeDir                     data/reference_STAR/     ~RE-DEFINED
readFilesIn                   data/trimmed_data/4194L_trimmed_read1.fastq.gz   data/trimmed_data/4194L_trimmed_read2.fastq.gz        ~RE-DEFINED
outSAMtype                    BAM   SortedByCoordinate        ~RE-DEFINED
outBAMsortingThreadN          10     ~RE-DEFINED
outFileNamePrefix             data/mapped_data/4194L_trimmed_     ~RE-DEFINED
readFilesCommand              gunzip   -c        ~RE-DEFINED
quantMode                     GeneCounts        ~RE-DEFINED
##### Finished reading parameters from all sources

##### Final user re-defined parameters-----------------:
runThreadN                        10
genomeDir                         data/reference_STAR/
readFilesIn                       data/trimmed_data/4194L_trimmed_read1.fastq.gz   data/trimmed_data/4194L_trimmed_read2.fastq.gz   
readFilesCommand                  gunzip   -c   
outFileNamePrefix                 data/mapped_data/4194L_trimmed_
outSAMtype                        BAM   SortedByCoordinate   
outBAMsortingThreadN              10
quantMode                         GeneCounts   

-------------------------------
##### Final effective command line:
STAR   --runThreadN 10   --genomeDir data/reference_STAR/   --readFilesIn data/trimmed_data/4194L_trimmed_read1.fastq.gz   data/trimmed_data/4194L_trimmed_read2.fastq.gz      --readFilesCommand gunzip   -c      --outFileNamePrefix data/mapped_data/4194L_trimmed_   --outSAMtype BAM   SortedByCoordinate      --outBAMsortingThreadN 10   --quantMode GeneCounts   
----------------------------------------

Number of fastq files for each mate = 1

   Input read files for mate 1 :
-rw-r--r-- 1 dchen domain users 1898728822 Mar 24 05:17 data/trimmed_data/4194L_trimmed_read1.fastq.gz

   readsCommandsFile:
exec > "data/mapped_data/4194L_trimmed__STARtmp/tmp.fifo.read1"
echo FILE 0
gunzip   -c      "data/trimmed_data/4194L_trimmed_read1.fastq.gz"


   Input read files for mate 2 :
-rw-r--r-- 1 dchen domain users 1957941438 Mar 24 05:27 data/trimmed_data/4194L_trimmed_read2.fastq.gz

   readsCommandsFile:
exec > "data/mapped_data/4194L_trimmed__STARtmp/tmp.fifo.read2"
echo FILE 0
gunzip   -c      "data/trimmed_data/4194L_trimmed_read2.fastq.gz"

ParametersSolo: --soloCellFilterType CellRanger2.2 filtering parameters:  3000 0.99 10
WARNING: --limitBAMsortRAM=0, will use genome size as RAM limit for BAM sorting
Finished loading and checking parameters
Reading genome generation parameters:
### STAR   --runMode genomeGenerate      --runThreadN 10   --genomeDir data/reference_STAR   --genomeFastaFiles data/reference/chr6.fa   data/reference/chrUn_GL456382.fa   data/reference/chr19.fa   data/reference/chrY.fa   data/reference/chrY_JH584300_random.fa   data/reference/chr1_GL456211_random.fa   data/reference/chr5.fa   data/reference/chrUn_GL456378.fa   data/reference/chrUn_GL456390.fa   data/reference/chr4_JH584293_random.fa   data/reference/chr4_GL456216_random.fa   data/reference/chr4_JH584292_random.fa   data/reference/chr16.fa   data/reference/chrY_JH584303_random.fa   data/reference/chr1_GL456221_random.fa   data/reference/chrUn_GL456385.fa   data/reference/chrUn_GL456360.fa   data/reference/chrUn_GL456393.fa   data/reference/chrUn_GL456383.fa   data/reference/chr4_GL456350_random.fa   data/reference/chr5_JH584296_random.fa   data/reference/chr18.fa   data/reference/chr5_JH584298_random.fa   data/reference/chrUn_GL456379.fa   data/reference/chr14.fa   data/reference/chrX.fa   data/reference/chr3.fa   data/reference/chrUn_GL456389.fa   data/reference/chrUn_GL456239.fa   data/reference/chrY_JH584302_random.fa   data/reference/chr5_JH584297_random.fa   data/reference/chr11.fa   data/reference/chr9.fa   data/reference/chrUn_GL456396.fa   data/reference/chr4.fa   data/reference/chrX_GL456233_random.fa   data/reference/chrY_JH584301_random.fa   data/reference/chr8.fa   data/reference/chrUn_GL456381.fa   data/reference/chr7_GL456219_random.fa   data/reference/chrUn_GL456366.fa   data/reference/chr1_GL456210_random.fa   data/reference/chrUn_GL456370.fa   data/reference/chrUn_GL456359.fa   data/reference/chr1.fa   data/reference/chrUn_GL456394.fa   data/reference/chrUn_GL456387.fa   data/reference/chr15.fa   data/reference/chr7.fa   data/reference/chrUn_JH584304.fa   data/reference/chr13.fa   data/reference/chr2.fa   data/reference/chrUn_GL456372.fa   data/reference/chr5_GL456354_random.fa   data/reference/chr1_GL456213_random.fa   data/reference/chr4_JH584294_random.fa   data/reference/chr4_JH584295_random.fa   data/reference/chr12.fa   data/reference/chrM.fa   data/reference/chrUn_GL456368.fa   data/reference/chr1_GL456212_random.fa   data/reference/chrUn_GL456392.fa   data/reference/chr5_JH584299_random.fa   data/reference/chr17.fa   data/reference/chrUn_GL456367.fa   data/reference/chr10.fa      --sjdbGTFfile data/reference/mm10.refGene.gtf   --sjdbOverhang 99
### GstrandBit=32
versionGenome                 2.7.4a     ~RE-DEFINED
genomeType                    Full     ~RE-DEFINED
genomeFastaFiles              data/reference/chr6.fa   data/reference/chrUn_GL456382.fa   data/reference/chr19.fa   data/reference/chrY.fa   data/reference/chrY_JH584300_random.fa   data/reference/chr1_GL456211_random.fa   data/reference/chr5.fa   data/reference/chrUn_GL456378.fa   data/reference/chrUn_GL456390.fa   data/reference/chr4_JH584293_random.fa   data/reference/chr4_GL456216_random.fa   data/reference/chr4_JH584292_random.fa   data/reference/chr16.fa   data/reference/chrY_JH584303_random.fa   data/reference/chr1_GL456221_random.fa   data/reference/chrUn_GL456385.fa   data/reference/chrUn_GL456360.fa   data/reference/chrUn_GL456393.fa   data/reference/chrUn_GL456383.fa   data/reference/chr4_GL456350_random.fa   data/reference/chr5_JH584296_random.fa   data/reference/chr18.fa   data/reference/chr5_JH584298_random.fa   data/reference/chrUn_GL456379.fa   data/reference/chr14.fa   data/reference/chrX.fa   data/reference/chr3.fa   data/reference/chrUn_GL456389.fa   data/reference/chrUn_GL456239.fa   data/reference/chrY_JH584302_random.fa   data/reference/chr5_JH584297_random.fa   data/reference/chr11.fa   data/reference/chr9.fa   data/reference/chrUn_GL456396.fa   data/reference/chr4.fa   data/reference/chrX_GL456233_random.fa   data/reference/chrY_JH584301_random.fa   data/reference/chr8.fa   data/reference/chrUn_GL456381.fa   data/reference/chr7_GL456219_random.fa   data/reference/chrUn_GL456366.fa   data/reference/chr1_GL456210_random.fa   data/reference/chrUn_GL456370.fa   data/reference/chrUn_GL456359.fa   data/reference/chr1.fa   data/reference/chrUn_GL456394.fa   data/reference/chrUn_GL456387.fa   data/reference/chr15.fa   data/reference/chr7.fa   data/reference/chrUn_JH584304.fa   data/reference/chr13.fa   data/reference/chr2.fa   data/reference/chrUn_GL456372.fa   data/reference/chr5_GL456354_random.fa   data/reference/chr1_GL456213_random.fa   data/reference/chr4_JH584294_random.fa   data/reference/chr4_JH584295_random.fa   data/reference/chr12.fa   data/reference/chrM.fa   data/reference/chrUn_GL456368.fa   data/reference/chr1_GL456212_random.fa   data/reference/chrUn_GL456392.fa   data/reference/chr5_JH584299_random.fa   data/reference/chr17.fa   data/reference/chrUn_GL456367.fa   data/reference/chr10.fa        ~RE-DEFINED
genomeSAindexNbases           14     ~RE-DEFINED
genomeChrBinNbits             18     ~RE-DEFINED
genomeSAsparseD               1     ~RE-DEFINED
genomeTransformType           None     ~RE-DEFINED
genomeTransformVCF            -     ~RE-DEFINED
sjdbOverhang                  99     ~RE-DEFINED
sjdbFileChrStartEnd           -        ~RE-DEFINED
sjdbGTFfile                   data/reference/mm10.refGene.gtf     ~RE-DEFINED
sjdbGTFchrPrefix              -     ~RE-DEFINED
sjdbGTFfeatureExon            exon     ~RE-DEFINED
sjdbGTFtagExonParentTranscripttranscript_id     ~RE-DEFINED
sjdbGTFtagExonParentGene      gene_id     ~RE-DEFINED
sjdbInsertSave                Basic     ~RE-DEFINED
genomeFileSizes               2783308806   22230788707        ~RE-DEFINED
Genome version is compatible with current STAR
Number of real (reference) chromosomes= 66
1	chr6	149736546	0
2	chrUn_GL456382	23158	149946368
3	chr19	61431566	150208512
4	chrY	91744698	211812352
5	chrY_JH584300_random	182347	303562752
6	chr1_GL456211_random	241735	303824896
7	chr5	151834684	304087040
8	chrUn_GL456378	31602	456130560
9	chrUn_GL456390	24668	456392704
10	chr4_JH584293_random	207968	456654848
11	chr4_GL456216_random	66673	456916992
12	chr4_JH584292_random	14945	457179136
13	chr16	98207768	457441280
14	chrY_JH584303_random	158099	555745280
15	chr1_GL456221_random	206961	556007424
16	chrUn_GL456385	35240	556269568
17	chrUn_GL456360	31704	556531712
18	chrUn_GL456393	55711	556793856
19	chrUn_GL456383	38659	557056000
20	chr4_GL456350_random	227966	557318144
21	chr5_JH584296_random	199368	557580288
22	chr18	90702639	557842432
23	chr5_JH584298_random	184189	648806400
24	chrUn_GL456379	72385	649068544
25	chr14	124902244	649330688
26	chrX	171031299	774373376
27	chr3	160039680	945553408
28	chrUn_GL456389	28772	1105723392
29	chrUn_GL456239	40056	1105985536
30	chrY_JH584302_random	155838	1106247680
31	chr5_JH584297_random	205776	1106509824
32	chr11	122082543	1106771968
33	chr9	124595110	1228931072
34	chrUn_GL456396	21240	1353711616
35	chr4	156508116	1353973760
36	chrX_GL456233_random	336933	1510735872
37	chrY_JH584301_random	259875	1511260160
38	chr8	129401213	1511522304
39	chrUn_GL456381	25871	1641021440
40	chr7_GL456219_random	175968	1641283584
41	chrUn_GL456366	47073	1641545728
42	chr1_GL456210_random	169725	1641807872
43	chrUn_GL456370	26764	1642070016
44	chrUn_GL456359	22974	1642332160
45	chr1	195471971	1642594304
46	chrUn_GL456394	24323	1838153728
47	chrUn_GL456387	24685	1838415872
48	chr15	104043685	1838678016
49	chr7	145441459	1942749184
50	chrUn_JH584304	114452	2088239104
51	chr13	120421639	2088501248
52	chr2	182113224	2209087488
53	chrUn_GL456372	28664	2391277568
54	chr5_GL456354_random	195993	2391539712
55	chr1_GL456213_random	39340	2391801856
56	chr4_JH584294_random	191905	2392064000
57	chr4_JH584295_random	1976	2392326144
58	chr12	120129022	2392588288
59	chrM	16299	2512912384
60	chrUn_GL456368	20208	2513174528
61	chr1_GL456212_random	153618	2513436672
62	chrUn_GL456392	23629	2513698816
63	chr5_JH584299_random	953012	2513960960
64	chr17	94987271	2515009536
65	chrUn_GL456367	42057	2610167808
66	chr10	130694993	2610429952
--sjdbOverhang = 99 taken from the generated genome
Started loading the genome: Sun Mar 28 23:38:23 2021

Genome: size given as a parameter = 2783308806
SA: size given as a parameter = 22230788707
SAindex: size given as a parameter = 1
Read from SAindex: pGe.gSAindexNbases=14  nSAi=357913940
nGenome=2783308806;  nSAbyte=22230788707
GstrandBit=32   SA number of indices=5389282110
Shared memory is not used for genomes. Allocated a private copy of the genome.
Genome file size: 2783308806 bytes; state: good=1 eof=0 fail=0 bad=0
Loading Genome ... done! state: good=1 eof=0 fail=0 bad=0; loaded 2783308806 bytes
SA file size: 22230788707 bytes; state: good=1 eof=0 fail=0 bad=0
Loading SA ... done! state: good=1 eof=0 fail=0 bad=0; loaded 22230788707 bytes
Loading SAindex ... done: 1565873619 bytes
Finished loading the genome: Sun Mar 28 23:41:19 2021

Processing splice junctions database sjdbN=211402,   pGe.sjdbOverhang=99 
alignIntronMax=alignMatesGapMax=0, the max intron size will be approximately determined by (2^winBinNbits)*winAnchorDistNbins=589824
Created thread # 1
Created thread # 2
Created thread # 3
Starting to map file # 0
mate 1:   data/trimmed_data/4194L_trimmed_read1.fastq.gz
mate 2:   data/trimmed_data/4194L_trimmed_read2.fastq.gz
Created thread # 4
Created thread # 5
Created thread # 6
Created thread # 7
Created thread # 8
Created thread # 9
BAM sorting: 246523 mapped reads
BAM sorting bins genomic start loci:
1	0	72309931
2	0	119950546
3	2	6058566
4	2	53935073
5	6	90892977
6	6	125386831
7	12	3903666
8	21	7871637
9	24	11953418
10	24	65973359
11	24	121357760
12	25	142834591
13	26	90100327
14	26	146731352
15	31	62391009
16	31	94097372
17	31	120346316
18	32	54715115
19	32	96896146
20	34	40913158
21	34	123384706
22	34	147226620
23	37	70895433
24	37	112013599
25	44	24613854
26	44	24615770
27	44	85545408
28	44	160219435
29	47	59655027
30	47	96691797
31	48	19304854
32	48	45135709
33	48	111074872
34	50	9173217
35	50	105794472
36	51	40557019
37	51	126812808
38	51	181631446
39	57	85475858
40	58	5344
41	58	6476
42	58	8123
43	58	12654
44	63	27560986
45	63	34969619
46	63	39848224
47	65	21994971
48	65	81180352
Thread #8 end of input stream, nextChar=-1
Completed: thread #6
Completed: thread #0
Completed: thread #1
Joined thread # 1
Completed: thread #4
Completed: thread #5
Completed: thread #8
Completed: thread #3
Completed: thread #7
Completed: thread #2
Joined thread # 2
Joined thread # 3
Joined thread # 4
Joined thread # 5
Joined thread # 6
Joined thread # 7
Joined thread # 8
Completed: thread #9
Joined thread # 9
Mar 28 23:45:15 ..... started sorting BAM
Max memory needed for sorting = 290307692
ALL DONE!
