                                 Started job on |	Mar 28 23:38:23
                             Started mapping on |	Mar 28 23:41:19
                                    Finished on |	Mar 28 23:46:48
       Mapping speed, Million of reads per hour |	252.88

                          Number of input reads |	23110000
                      Average input read length |	200
                                    UNIQUE READS:
                   Uniquely mapped reads number |	20406108
                        Uniquely mapped reads % |	88.30%
                          Average mapped length |	199.05
                       Number of splices: Total |	12427715
            Number of splices: Annotated (sjdb) |	12205717
                       Number of splices: GT/AG |	12293751
                       Number of splices: GC/AG |	87873
                       Number of splices: AT/AC |	8630
               Number of splices: Non-canonical |	37461
                      Mismatch rate per base, % |	0.32%
                         Deletion rate per base |	0.01%
                        Deletion average length |	1.64
                        Insertion rate per base |	0.01%
                       Insertion average length |	1.33
                             MULTI-MAPPING READS:
        Number of reads mapped to multiple loci |	1873231
             % of reads mapped to multiple loci |	8.11%
        Number of reads mapped to too many loci |	122588
             % of reads mapped to too many loci |	0.53%
                                  UNMAPPED READS:
  Number of reads unmapped: too many mismatches |	0
       % of reads unmapped: too many mismatches |	0.00%
            Number of reads unmapped: too short |	677699
                 % of reads unmapped: too short |	2.93%
                Number of reads unmapped: other |	30374
                     % of reads unmapped: other |	0.13%
                                  CHIMERIC READS:
                       Number of chimeric reads |	0
                            % of chimeric reads |	0.00%
