                                 Started job on |	Mar 28 23:49:04
                             Started mapping on |	Mar 28 23:49:18
                                    Finished on |	Mar 28 23:53:31
       Mapping speed, Million of reads per hour |	240.94

                          Number of input reads |	16932988
                      Average input read length |	200
                                    UNIQUE READS:
                   Uniquely mapped reads number |	14672767
                        Uniquely mapped reads % |	86.65%
                          Average mapped length |	199.12
                       Number of splices: Total |	8974806
            Number of splices: Annotated (sjdb) |	8849043
                       Number of splices: GT/AG |	8874513
                       Number of splices: GC/AG |	59558
                       Number of splices: AT/AC |	5655
               Number of splices: Non-canonical |	35080
                      Mismatch rate per base, % |	0.31%
                         Deletion rate per base |	0.01%
                        Deletion average length |	1.55
                        Insertion rate per base |	0.01%
                       Insertion average length |	1.30
                             MULTI-MAPPING READS:
        Number of reads mapped to multiple loci |	1440095
             % of reads mapped to multiple loci |	8.50%
        Number of reads mapped to too many loci |	88035
             % of reads mapped to too many loci |	0.52%
                                  UNMAPPED READS:
  Number of reads unmapped: too many mismatches |	0
       % of reads unmapped: too many mismatches |	0.00%
            Number of reads unmapped: too short |	717027
                 % of reads unmapped: too short |	4.23%
                Number of reads unmapped: other |	15064
                     % of reads unmapped: other |	0.09%
                                  CHIMERIC READS:
                       Number of chimeric reads |	0
                            % of chimeric reads |	0.00%
