                                 Started job on |	Mar 29 00:04:01
                             Started mapping on |	Mar 29 00:04:15
                                    Finished on |	Mar 29 00:07:11
       Mapping speed, Million of reads per hour |	222.27

                          Number of input reads |	10866616
                      Average input read length |	200
                                    UNIQUE READS:
                   Uniquely mapped reads number |	9000217
                        Uniquely mapped reads % |	82.82%
                          Average mapped length |	199.01
                       Number of splices: Total |	5455768
            Number of splices: Annotated (sjdb) |	5237329
                       Number of splices: GT/AG |	5401400
                       Number of splices: GC/AG |	38815
                       Number of splices: AT/AC |	4704
               Number of splices: Non-canonical |	10849
                      Mismatch rate per base, % |	0.33%
                         Deletion rate per base |	0.01%
                        Deletion average length |	1.60
                        Insertion rate per base |	0.01%
                       Insertion average length |	1.31
                             MULTI-MAPPING READS:
        Number of reads mapped to multiple loci |	945503
             % of reads mapped to multiple loci |	8.70%
        Number of reads mapped to too many loci |	41297
             % of reads mapped to too many loci |	0.38%
                                  UNMAPPED READS:
  Number of reads unmapped: too many mismatches |	0
       % of reads unmapped: too many mismatches |	0.00%
            Number of reads unmapped: too short |	866228
                 % of reads unmapped: too short |	7.97%
                Number of reads unmapped: other |	13371
                     % of reads unmapped: other |	0.12%
                                  CHIMERIC READS:
                       Number of chimeric reads |	0
                            % of chimeric reads |	0.00%
