                                 Started job on |	Mar 29 00:12:51
                             Started mapping on |	Mar 29 00:13:10
                                    Finished on |	Mar 29 00:19:37
       Mapping speed, Million of reads per hour |	212.09

                          Number of input reads |	22799140
                      Average input read length |	200
                                    UNIQUE READS:
                   Uniquely mapped reads number |	19205968
                        Uniquely mapped reads % |	84.24%
                          Average mapped length |	199.10
                       Number of splices: Total |	11688122
            Number of splices: Annotated (sjdb) |	11417975
                       Number of splices: GT/AG |	11567773
                       Number of splices: GC/AG |	86310
                       Number of splices: AT/AC |	10149
               Number of splices: Non-canonical |	23890
                      Mismatch rate per base, % |	0.30%
                         Deletion rate per base |	0.01%
                        Deletion average length |	1.64
                        Insertion rate per base |	0.01%
                       Insertion average length |	1.30
                             MULTI-MAPPING READS:
        Number of reads mapped to multiple loci |	2609710
             % of reads mapped to multiple loci |	11.45%
        Number of reads mapped to too many loci |	69315
             % of reads mapped to too many loci |	0.30%
                                  UNMAPPED READS:
  Number of reads unmapped: too many mismatches |	0
       % of reads unmapped: too many mismatches |	0.00%
            Number of reads unmapped: too short |	875985
                 % of reads unmapped: too short |	3.84%
                Number of reads unmapped: other |	38162
                     % of reads unmapped: other |	0.17%
                                  CHIMERIC READS:
                       Number of chimeric reads |	0
                            % of chimeric reads |	0.00%
