                                 Started job on |	Mar 29 00:19:40
                             Started mapping on |	Mar 29 00:19:54
                                    Finished on |	Mar 29 00:26:01
       Mapping speed, Million of reads per hour |	248.47

                          Number of input reads |	25330261
                      Average input read length |	200
                                    UNIQUE READS:
                   Uniquely mapped reads number |	22735781
                        Uniquely mapped reads % |	89.76%
                          Average mapped length |	199.18
                       Number of splices: Total |	15206201
            Number of splices: Annotated (sjdb) |	14993752
                       Number of splices: GT/AG |	15038171
                       Number of splices: GC/AG |	107906
                       Number of splices: AT/AC |	10533
               Number of splices: Non-canonical |	49591
                      Mismatch rate per base, % |	0.31%
                         Deletion rate per base |	0.01%
                        Deletion average length |	1.60
                        Insertion rate per base |	0.01%
                       Insertion average length |	1.31
                             MULTI-MAPPING READS:
        Number of reads mapped to multiple loci |	1972830
             % of reads mapped to multiple loci |	7.79%
        Number of reads mapped to too many loci |	130785
             % of reads mapped to too many loci |	0.52%
                                  UNMAPPED READS:
  Number of reads unmapped: too many mismatches |	0
       % of reads unmapped: too many mismatches |	0.00%
            Number of reads unmapped: too short |	471549
                 % of reads unmapped: too short |	1.86%
                Number of reads unmapped: other |	19316
                     % of reads unmapped: other |	0.08%
                                  CHIMERIC READS:
                       Number of chimeric reads |	0
                            % of chimeric reads |	0.00%
