                                 Started job on |	Mar 29 00:26:04
                             Started mapping on |	Mar 29 00:26:18
                                    Finished on |	Mar 29 00:31:27
       Mapping speed, Million of reads per hour |	218.60

                          Number of input reads |	18762753
                      Average input read length |	200
                                    UNIQUE READS:
                   Uniquely mapped reads number |	14995625
                        Uniquely mapped reads % |	79.92%
                          Average mapped length |	199.07
                       Number of splices: Total |	9272179
            Number of splices: Annotated (sjdb) |	9086466
                       Number of splices: GT/AG |	9177346
                       Number of splices: GC/AG |	67663
                       Number of splices: AT/AC |	8572
               Number of splices: Non-canonical |	18598
                      Mismatch rate per base, % |	0.29%
                         Deletion rate per base |	0.01%
                        Deletion average length |	1.65
                        Insertion rate per base |	0.01%
                       Insertion average length |	1.31
                             MULTI-MAPPING READS:
        Number of reads mapped to multiple loci |	2317585
             % of reads mapped to multiple loci |	12.35%
        Number of reads mapped to too many loci |	54516
             % of reads mapped to too many loci |	0.29%
                                  UNMAPPED READS:
  Number of reads unmapped: too many mismatches |	0
       % of reads unmapped: too many mismatches |	0.00%
            Number of reads unmapped: too short |	1381934
                 % of reads unmapped: too short |	7.37%
                Number of reads unmapped: other |	13093
                     % of reads unmapped: other |	0.07%
                                  CHIMERIC READS:
                       Number of chimeric reads |	0
                            % of chimeric reads |	0.00%
