                                 Started job on |	Mar 29 00:38:06
                             Started mapping on |	Mar 29 00:38:21
                                    Finished on |	Mar 29 00:42:44
       Mapping speed, Million of reads per hour |	210.26

                          Number of input reads |	15360349
                      Average input read length |	200
                                    UNIQUE READS:
                   Uniquely mapped reads number |	12348529
                        Uniquely mapped reads % |	80.39%
                          Average mapped length |	199.05
                       Number of splices: Total |	7446575
            Number of splices: Annotated (sjdb) |	7280594
                       Number of splices: GT/AG |	7373817
                       Number of splices: GC/AG |	52669
                       Number of splices: AT/AC |	6342
               Number of splices: Non-canonical |	13747
                      Mismatch rate per base, % |	0.30%
                         Deletion rate per base |	0.01%
                        Deletion average length |	1.58
                        Insertion rate per base |	0.01%
                       Insertion average length |	1.32
                             MULTI-MAPPING READS:
        Number of reads mapped to multiple loci |	1533083
             % of reads mapped to multiple loci |	9.98%
        Number of reads mapped to too many loci |	40869
             % of reads mapped to too many loci |	0.27%
                                  UNMAPPED READS:
  Number of reads unmapped: too many mismatches |	0
       % of reads unmapped: too many mismatches |	0.00%
            Number of reads unmapped: too short |	1429823
                 % of reads unmapped: too short |	9.31%
                Number of reads unmapped: other |	8045
                     % of reads unmapped: other |	0.05%
                                  CHIMERIC READS:
                       Number of chimeric reads |	0
                            % of chimeric reads |	0.00%
