                                 Started job on |	Mar 12 07:48:32
                             Started mapping on |	Mar 12 07:48:46
                                    Finished on |	Mar 12 07:51:49
       Mapping speed, Million of reads per hour |	325.87

                          Number of input reads |	16564980
                      Average input read length |	150
                                    UNIQUE READS:
                   Uniquely mapped reads number |	13254588
                        Uniquely mapped reads % |	80.02%
                          Average mapped length |	149.46
                       Number of splices: Total |	4448899
            Number of splices: Annotated (sjdb) |	4341919
                       Number of splices: GT/AG |	4386380
                       Number of splices: GC/AG |	35886
                       Number of splices: AT/AC |	2712
               Number of splices: Non-canonical |	23921
                      Mismatch rate per base, % |	0.48%
                         Deletion rate per base |	0.01%
                        Deletion average length |	2.69
                        Insertion rate per base |	0.01%
                       Insertion average length |	2.16
                             MULTI-MAPPING READS:
        Number of reads mapped to multiple loci |	1560534
             % of reads mapped to multiple loci |	9.42%
        Number of reads mapped to too many loci |	54442
             % of reads mapped to too many loci |	0.33%
                                  UNMAPPED READS:
  Number of reads unmapped: too many mismatches |	0
       % of reads unmapped: too many mismatches |	0.00%
            Number of reads unmapped: too short |	1660756
                 % of reads unmapped: too short |	10.03%
                Number of reads unmapped: other |	34660
                     % of reads unmapped: other |	0.21%
                                  CHIMERIC READS:
                       Number of chimeric reads |	0
                            % of chimeric reads |	0.00%
