                                 Started job on |	Mar 12 07:42:01
                             Started mapping on |	Mar 12 07:42:15
                                    Finished on |	Mar 12 07:45:29
       Mapping speed, Million of reads per hour |	323.72

                          Number of input reads |	17444691
                      Average input read length |	150
                                    UNIQUE READS:
                   Uniquely mapped reads number |	13913874
                        Uniquely mapped reads % |	79.76%
                          Average mapped length |	149.59
                       Number of splices: Total |	4209510
            Number of splices: Annotated (sjdb) |	4087148
                       Number of splices: GT/AG |	4153134
                       Number of splices: GC/AG |	33218
                       Number of splices: AT/AC |	2531
               Number of splices: Non-canonical |	20627
                      Mismatch rate per base, % |	0.45%
                         Deletion rate per base |	0.01%
                        Deletion average length |	2.81
                        Insertion rate per base |	0.02%
                       Insertion average length |	2.11
                             MULTI-MAPPING READS:
        Number of reads mapped to multiple loci |	1711217
             % of reads mapped to multiple loci |	9.81%
        Number of reads mapped to too many loci |	51261
             % of reads mapped to too many loci |	0.29%
                                  UNMAPPED READS:
  Number of reads unmapped: too many mismatches |	0
       % of reads unmapped: too many mismatches |	0.00%
            Number of reads unmapped: too short |	1726704
                 % of reads unmapped: too short |	9.90%
                Number of reads unmapped: other |	41635
                     % of reads unmapped: other |	0.24%
                                  CHIMERIC READS:
                       Number of chimeric reads |	0
                            % of chimeric reads |	0.00%
