                                 Started job on |	Mar 12 07:45:30
                             Started mapping on |	Mar 12 07:45:45
                                    Finished on |	Mar 12 07:48:30
       Mapping speed, Million of reads per hour |	319.32

                          Number of input reads |	14635513
                      Average input read length |	150
                                    UNIQUE READS:
                   Uniquely mapped reads number |	11630013
                        Uniquely mapped reads % |	79.46%
                          Average mapped length |	149.62
                       Number of splices: Total |	3872790
            Number of splices: Annotated (sjdb) |	3762367
                       Number of splices: GT/AG |	3822053
                       Number of splices: GC/AG |	31092
                       Number of splices: AT/AC |	2237
               Number of splices: Non-canonical |	17408
                      Mismatch rate per base, % |	0.45%
                         Deletion rate per base |	0.01%
                        Deletion average length |	2.29
                        Insertion rate per base |	0.01%
                       Insertion average length |	2.13
                             MULTI-MAPPING READS:
        Number of reads mapped to multiple loci |	1408075
             % of reads mapped to multiple loci |	9.62%
        Number of reads mapped to too many loci |	44412
             % of reads mapped to too many loci |	0.30%
                                  UNMAPPED READS:
  Number of reads unmapped: too many mismatches |	0
       % of reads unmapped: too many mismatches |	0.00%
            Number of reads unmapped: too short |	1520869
                 % of reads unmapped: too short |	10.39%
                Number of reads unmapped: other |	32144
                     % of reads unmapped: other |	0.22%
                                  CHIMERIC READS:
                       Number of chimeric reads |	0
                            % of chimeric reads |	0.00%
