                                 Started job on |	Mar 12 07:58:58
                             Started mapping on |	Mar 12 07:59:13
                                    Finished on |	Mar 12 08:01:47
       Mapping speed, Million of reads per hour |	314.26

                          Number of input reads |	13443369
                      Average input read length |	150
                                    UNIQUE READS:
                   Uniquely mapped reads number |	10839999
                        Uniquely mapped reads % |	80.63%
                          Average mapped length |	149.83
                       Number of splices: Total |	3472611
            Number of splices: Annotated (sjdb) |	3387784
                       Number of splices: GT/AG |	3421641
                       Number of splices: GC/AG |	26722
                       Number of splices: AT/AC |	1947
               Number of splices: Non-canonical |	22301
                      Mismatch rate per base, % |	0.45%
                         Deletion rate per base |	0.00%
                        Deletion average length |	1.56
                        Insertion rate per base |	0.01%
                       Insertion average length |	1.65
                             MULTI-MAPPING READS:
        Number of reads mapped to multiple loci |	1756433
             % of reads mapped to multiple loci |	13.07%
        Number of reads mapped to too many loci |	34650
             % of reads mapped to too many loci |	0.26%
                                  UNMAPPED READS:
  Number of reads unmapped: too many mismatches |	0
       % of reads unmapped: too many mismatches |	0.00%
            Number of reads unmapped: too short |	776988
                 % of reads unmapped: too short |	5.78%
                Number of reads unmapped: other |	35299
                     % of reads unmapped: other |	0.26%
                                  CHIMERIC READS:
                       Number of chimeric reads |	0
                            % of chimeric reads |	0.00%
