                                 Started job on |	Mar 12 07:51:50
                             Started mapping on |	Mar 12 07:52:04
                                    Finished on |	Mar 12 07:55:19
       Mapping speed, Million of reads per hour |	334.80

                          Number of input reads |	18134813
                      Average input read length |	150
                                    UNIQUE READS:
                   Uniquely mapped reads number |	14265598
                        Uniquely mapped reads % |	78.66%
                          Average mapped length |	149.16
                       Number of splices: Total |	3489327
            Number of splices: Annotated (sjdb) |	3384302
                       Number of splices: GT/AG |	3422929
                       Number of splices: GC/AG |	27472
                       Number of splices: AT/AC |	2140
               Number of splices: Non-canonical |	36786
                      Mismatch rate per base, % |	0.57%
                         Deletion rate per base |	0.02%
                        Deletion average length |	3.86
                        Insertion rate per base |	0.02%
                       Insertion average length |	2.10
                             MULTI-MAPPING READS:
        Number of reads mapped to multiple loci |	1727795
             % of reads mapped to multiple loci |	9.53%
        Number of reads mapped to too many loci |	46187
             % of reads mapped to too many loci |	0.25%
                                  UNMAPPED READS:
  Number of reads unmapped: too many mismatches |	0
       % of reads unmapped: too many mismatches |	0.00%
            Number of reads unmapped: too short |	2058223
                 % of reads unmapped: too short |	11.35%
                Number of reads unmapped: other |	37010
                     % of reads unmapped: other |	0.20%
                                  CHIMERIC READS:
                       Number of chimeric reads |	0
                            % of chimeric reads |	0.00%
