                                 Started job on |	Mar 12 07:55:21
                             Started mapping on |	Mar 12 07:55:36
                                    Finished on |	Mar 12 07:58:56
       Mapping speed, Million of reads per hour |	354.83

                          Number of input reads |	19712910
                      Average input read length |	150
                                    UNIQUE READS:
                   Uniquely mapped reads number |	15286876
                        Uniquely mapped reads % |	77.55%
                          Average mapped length |	149.34
                       Number of splices: Total |	3133680
            Number of splices: Annotated (sjdb) |	3026018
                       Number of splices: GT/AG |	3054407
                       Number of splices: GC/AG |	24046
                       Number of splices: AT/AC |	1583
               Number of splices: Non-canonical |	53644
                      Mismatch rate per base, % |	0.56%
                         Deletion rate per base |	0.02%
                        Deletion average length |	3.51
                        Insertion rate per base |	0.02%
                       Insertion average length |	2.14
                             MULTI-MAPPING READS:
        Number of reads mapped to multiple loci |	2592730
             % of reads mapped to multiple loci |	13.15%
        Number of reads mapped to too many loci |	37343
             % of reads mapped to too many loci |	0.19%
                                  UNMAPPED READS:
  Number of reads unmapped: too many mismatches |	0
       % of reads unmapped: too many mismatches |	0.00%
            Number of reads unmapped: too short |	1748925
                 % of reads unmapped: too short |	8.87%
                Number of reads unmapped: other |	47036
                     % of reads unmapped: other |	0.24%
                                  CHIMERIC READS:
                       Number of chimeric reads |	0
                            % of chimeric reads |	0.00%
