[2021-03-28 23:38:20,115] multiqc                                            [DEBUG  ]  No MultiQC config found: /home/dchen/anaconda3/lib/python3.7/site-packages/multiqc_config.yaml
[2021-03-28 23:38:20,115] multiqc                                            [DEBUG  ]  No MultiQC config found: /home/dchen/.multiqc_config.yaml
[2021-03-28 23:38:20,115] multiqc                                            [DEBUG  ]  No MultiQC config found: multiqc_config.yaml
[2021-03-28 23:38:20,115] multiqc                                            [DEBUG  ]  Command used: /home/dchen/anaconda3/bin/multiqc qc_reports/fastqc_trimmed qc_reports/cutadapt_trimmed/ -o qc_reports/summary_trimmed
[2021-03-28 23:38:21,383] multiqc                                            [WARNING]  MultiQC Version v1.10 now available!
[2021-03-28 23:38:21,384] multiqc                                            [INFO   ]  This is MultiQC v1.9
[2021-03-28 23:38:21,384] multiqc                                            [DEBUG  ]  Command     : /home/dchen/anaconda3/bin/multiqc qc_reports/fastqc_trimmed qc_reports/cutadapt_trimmed/ -o qc_reports/summary_trimmed
[2021-03-28 23:38:21,384] multiqc                                            [DEBUG  ]  Working dir : /home/dchen/Downloads/FRED_HUTCH/BULK_RNA_SEQ
[2021-03-28 23:38:21,384] multiqc                                            [INFO   ]  Template    : default
[2021-03-28 23:38:21,384] multiqc                                            [DEBUG  ]  Running Python 3.7.3 (default, Mar 27 2019, 22:11:17)  [GCC 7.3.0]
[2021-03-28 23:38:21,384] multiqc                                            [INFO   ]  Searching   : /home/dchen/Downloads/FRED_HUTCH/BULK_RNA_SEQ/qc_reports/fastqc_trimmed
[2021-03-28 23:38:21,384] multiqc                                            [INFO   ]  Searching   : /home/dchen/Downloads/FRED_HUTCH/BULK_RNA_SEQ/qc_reports/cutadapt_trimmed
[2021-03-28 23:38:21,385] multiqc                                            [DEBUG  ]  Analysing modules: custom_content, conpair, peddy, somalier, methylQA, mosdepth, phantompeakqualtools, qualimap, preseq, quast, qorts, rna_seqc, rockhopper, rsem, rseqc, busco, goleft_indexcov, disambiguate, supernova, deeptools, sargasso, verifybamid, mirtrace, happy, mirtop, homer, macs2, theta2, snpeff, gatk, htseq, bcftools, featureCounts, fgbio, dragen, dedup, damageprofiler, biobambam2, mtnucratio, picard, prokka, samblaster, samtools, sexdeterrmine, bamtools, jellyfish, vcftools, longranger, stacks, varscan2, bbmap, bismark, biscuit, hicexplorer, hicup, hicpro, salmon, kallisto, slamdunk, star, hisat2, tophat, bowtie2, bowtie1, snpsplit, kat, leehom, adapterRemoval, clipandmerge, cutadapt, flexbar, kaiju, kraken, malt, trimmomatic, sickle, skewer, sortmerna, biobloomtools, fastq_screen, afterqc, fastp, fastqc, pycoqc, minionqc, multivcfanalyzer, clusterflow, bcl2fastq, interop, ivar, flash, seqyclean
[2021-03-28 23:38:21,386] multiqc                                            [DEBUG  ]  Using temporary directory for creating report: /tmp/tmpcygkmzgh
[2021-03-28 23:38:21,502] multiqc                                            [DEBUG  ]  File ignored by hicexplorer because it exceeded search pattern filesize limit: 4301S_trimmed_read2_fastqc.html
[2021-03-28 23:38:21,505] multiqc                                            [DEBUG  ]  File ignored by longranger/invocation because it exceeded search pattern filesize limit: 4301S_trimmed_read2_fastqc.html
[2021-03-28 23:38:21,540] multiqc                                            [DEBUG  ]  File ignored by hicexplorer because it exceeded search pattern filesize limit: 4301L_trimmed_read1_fastqc.html
[2021-03-28 23:38:21,542] multiqc                                            [DEBUG  ]  File ignored by longranger/invocation because it exceeded search pattern filesize limit: 4301L_trimmed_read1_fastqc.html
[2021-03-28 23:38:21,568] multiqc                                            [DEBUG  ]  File ignored by hicexplorer because it exceeded search pattern filesize limit: 4397L_trimmed_read1_fastqc.html
[2021-03-28 23:38:21,570] multiqc                                            [DEBUG  ]  File ignored by longranger/invocation because it exceeded search pattern filesize limit: 4397L_trimmed_read1_fastqc.html
[2021-03-28 23:38:21,596] multiqc                                            [DEBUG  ]  File ignored by hicexplorer because it exceeded search pattern filesize limit: 4301L_trimmed_read2_fastqc.html
[2021-03-28 23:38:21,597] multiqc                                            [DEBUG  ]  File ignored by longranger/invocation because it exceeded search pattern filesize limit: 4301L_trimmed_read2_fastqc.html
[2021-03-28 23:38:21,622] multiqc                                            [DEBUG  ]  File ignored by hicexplorer because it exceeded search pattern filesize limit: 4306L_trimmed_read2_fastqc.html
[2021-03-28 23:38:21,624] multiqc                                            [DEBUG  ]  File ignored by longranger/invocation because it exceeded search pattern filesize limit: 4306L_trimmed_read2_fastqc.html
[2021-03-28 23:38:21,649] multiqc                                            [DEBUG  ]  File ignored by hicexplorer because it exceeded search pattern filesize limit: 4220L_trimmed_read1_fastqc.html
[2021-03-28 23:38:21,650] multiqc                                            [DEBUG  ]  File ignored by longranger/invocation because it exceeded search pattern filesize limit: 4220L_trimmed_read1_fastqc.html
[2021-03-28 23:38:21,676] multiqc                                            [DEBUG  ]  File ignored by hicexplorer because it exceeded search pattern filesize limit: 4202S_trimmed_read1_fastqc.html
[2021-03-28 23:38:21,677] multiqc                                            [DEBUG  ]  File ignored by longranger/invocation because it exceeded search pattern filesize limit: 4202S_trimmed_read1_fastqc.html
[2021-03-28 23:38:21,702] multiqc                                            [DEBUG  ]  File ignored by hicexplorer because it exceeded search pattern filesize limit: 4306S_trimmed_read1_fastqc.html
[2021-03-28 23:38:21,703] multiqc                                            [DEBUG  ]  File ignored by longranger/invocation because it exceeded search pattern filesize limit: 4306S_trimmed_read1_fastqc.html
[2021-03-28 23:38:21,729] multiqc                                            [DEBUG  ]  File ignored by hicexplorer because it exceeded search pattern filesize limit: 4306L_trimmed_read1_fastqc.html
[2021-03-28 23:38:21,730] multiqc                                            [DEBUG  ]  File ignored by longranger/invocation because it exceeded search pattern filesize limit: 4306L_trimmed_read1_fastqc.html
[2021-03-28 23:38:21,755] multiqc                                            [DEBUG  ]  File ignored by hicexplorer because it exceeded search pattern filesize limit: 4202L_trimmed_read1_fastqc.html
[2021-03-28 23:38:21,756] multiqc                                            [DEBUG  ]  File ignored by longranger/invocation because it exceeded search pattern filesize limit: 4202L_trimmed_read1_fastqc.html
[2021-03-28 23:38:21,781] multiqc                                            [DEBUG  ]  File ignored by hicexplorer because it exceeded search pattern filesize limit: 4194L_trimmed_read1_fastqc.html
[2021-03-28 23:38:21,782] multiqc                                            [DEBUG  ]  File ignored by longranger/invocation because it exceeded search pattern filesize limit: 4194L_trimmed_read1_fastqc.html
[2021-03-28 23:38:21,807] multiqc                                            [DEBUG  ]  File ignored by hicexplorer because it exceeded search pattern filesize limit: 4220L_trimmed_read2_fastqc.html
[2021-03-28 23:38:21,808] multiqc                                            [DEBUG  ]  File ignored by longranger/invocation because it exceeded search pattern filesize limit: 4220L_trimmed_read2_fastqc.html
[2021-03-28 23:38:21,833] multiqc                                            [DEBUG  ]  File ignored by hicexplorer because it exceeded search pattern filesize limit: 4397L_trimmed_read2_fastqc.html
[2021-03-28 23:38:21,834] multiqc                                            [DEBUG  ]  File ignored by longranger/invocation because it exceeded search pattern filesize limit: 4397L_trimmed_read2_fastqc.html
[2021-03-28 23:38:21,860] multiqc                                            [DEBUG  ]  File ignored by hicexplorer because it exceeded search pattern filesize limit: 4301S_trimmed_read1_fastqc.html
[2021-03-28 23:38:21,862] multiqc                                            [DEBUG  ]  File ignored by longranger/invocation because it exceeded search pattern filesize limit: 4301S_trimmed_read1_fastqc.html
[2021-03-28 23:38:21,886] multiqc                                            [DEBUG  ]  File ignored by hicexplorer because it exceeded search pattern filesize limit: 4194S_trimmed_read2_fastqc.html
[2021-03-28 23:38:21,887] multiqc                                            [DEBUG  ]  File ignored by longranger/invocation because it exceeded search pattern filesize limit: 4194S_trimmed_read2_fastqc.html
[2021-03-28 23:38:21,912] multiqc                                            [DEBUG  ]  File ignored by hicexplorer because it exceeded search pattern filesize limit: 4202L_trimmed_read2_fastqc.html
[2021-03-28 23:38:21,914] multiqc                                            [DEBUG  ]  File ignored by longranger/invocation because it exceeded search pattern filesize limit: 4202L_trimmed_read2_fastqc.html
[2021-03-28 23:38:21,938] multiqc                                            [DEBUG  ]  File ignored by hicexplorer because it exceeded search pattern filesize limit: 4306S_trimmed_read2_fastqc.html
[2021-03-28 23:38:21,940] multiqc                                            [DEBUG  ]  File ignored by longranger/invocation because it exceeded search pattern filesize limit: 4306S_trimmed_read2_fastqc.html
[2021-03-28 23:38:21,965] multiqc                                            [DEBUG  ]  File ignored by hicexplorer because it exceeded search pattern filesize limit: 4220S_trimmed_read1_fastqc.html
[2021-03-28 23:38:21,966] multiqc                                            [DEBUG  ]  File ignored by longranger/invocation because it exceeded search pattern filesize limit: 4220S_trimmed_read1_fastqc.html
[2021-03-28 23:38:21,991] multiqc                                            [DEBUG  ]  File ignored by hicexplorer because it exceeded search pattern filesize limit: 4194L_trimmed_read2_fastqc.html
[2021-03-28 23:38:21,993] multiqc                                            [DEBUG  ]  File ignored by longranger/invocation because it exceeded search pattern filesize limit: 4194L_trimmed_read2_fastqc.html
[2021-03-28 23:38:22,017] multiqc                                            [DEBUG  ]  File ignored by hicexplorer because it exceeded search pattern filesize limit: 4220S_trimmed_read2_fastqc.html
[2021-03-28 23:38:22,018] multiqc                                            [DEBUG  ]  File ignored by longranger/invocation because it exceeded search pattern filesize limit: 4220S_trimmed_read2_fastqc.html
[2021-03-28 23:38:22,043] multiqc                                            [DEBUG  ]  File ignored by hicexplorer because it exceeded search pattern filesize limit: 4397S_trimmed_read1_fastqc.html
[2021-03-28 23:38:22,044] multiqc                                            [DEBUG  ]  File ignored by longranger/invocation because it exceeded search pattern filesize limit: 4397S_trimmed_read1_fastqc.html
[2021-03-28 23:38:22,069] multiqc                                            [DEBUG  ]  File ignored by hicexplorer because it exceeded search pattern filesize limit: 4397S_trimmed_read2_fastqc.html
[2021-03-28 23:38:22,071] multiqc                                            [DEBUG  ]  File ignored by longranger/invocation because it exceeded search pattern filesize limit: 4397S_trimmed_read2_fastqc.html
[2021-03-28 23:38:22,095] multiqc                                            [DEBUG  ]  File ignored by hicexplorer because it exceeded search pattern filesize limit: 4194S_trimmed_read1_fastqc.html
[2021-03-28 23:38:22,097] multiqc                                            [DEBUG  ]  File ignored by longranger/invocation because it exceeded search pattern filesize limit: 4194S_trimmed_read1_fastqc.html
[2021-03-28 23:38:22,121] multiqc                                            [DEBUG  ]  File ignored by hicexplorer because it exceeded search pattern filesize limit: 4202S_trimmed_read2_fastqc.html
[2021-03-28 23:38:22,123] multiqc                                            [DEBUG  ]  File ignored by longranger/invocation because it exceeded search pattern filesize limit: 4202S_trimmed_read2_fastqc.html
[2021-03-28 23:38:22,373] multiqc.plots.bargraph                             [DEBUG  ]  Using matplotlib version 3.2.1
[2021-03-28 23:38:22,373] multiqc.plots.linegraph                            [DEBUG  ]  Using matplotlib version 3.2.1
[2021-03-28 23:38:22,374] multiqc                                            [DEBUG  ]  No samples found: custom_content
[2021-03-28 23:38:22,376] multiqc                                            [DEBUG  ]  No samples found: conpair
[2021-03-28 23:38:22,378] multiqc                                            [DEBUG  ]  No samples found: peddy
[2021-03-28 23:38:22,381] multiqc                                            [DEBUG  ]  No samples found: somalier
[2021-03-28 23:38:22,383] multiqc                                            [DEBUG  ]  No samples found: methylQA
[2021-03-28 23:38:22,386] multiqc                                            [DEBUG  ]  No samples found: mosdepth
[2021-03-28 23:38:22,388] multiqc                                            [DEBUG  ]  No samples found: phantompeakqualtools
[2021-03-28 23:38:22,391] multiqc                                            [DEBUG  ]  No samples found: qualimap
[2021-03-28 23:38:22,393] multiqc                                            [DEBUG  ]  No samples found: preseq
[2021-03-28 23:38:22,395] multiqc                                            [DEBUG  ]  No samples found: quast
[2021-03-28 23:38:22,398] multiqc                                            [DEBUG  ]  No samples found: qorts
[2021-03-28 23:38:22,400] multiqc                                            [DEBUG  ]  No samples found: rna_seqc
[2021-03-28 23:38:22,402] multiqc                                            [DEBUG  ]  No samples found: rockhopper
[2021-03-28 23:38:22,405] multiqc                                            [DEBUG  ]  No samples found: rsem
[2021-03-28 23:38:22,412] multiqc                                            [DEBUG  ]  No samples found: rseqc
[2021-03-28 23:38:22,417] multiqc                                            [DEBUG  ]  No samples found: busco
[2021-03-28 23:38:22,422] multiqc                                            [DEBUG  ]  No samples found: goleft_indexcov
[2021-03-28 23:38:22,425] multiqc                                            [DEBUG  ]  No samples found: disambiguate
[2021-03-28 23:38:22,427] multiqc                                            [DEBUG  ]  No samples found: supernova
[2021-03-28 23:38:22,431] multiqc                                            [DEBUG  ]  No samples found: deeptools
[2021-03-28 23:38:22,433] multiqc                                            [DEBUG  ]  No samples found: sargasso
[2021-03-28 23:38:22,436] multiqc                                            [DEBUG  ]  No samples found: verifybamid
[2021-03-28 23:38:22,438] multiqc                                            [DEBUG  ]  No samples found: mirtrace
[2021-03-28 23:38:22,441] multiqc                                            [DEBUG  ]  No samples found: happy
[2021-03-28 23:38:22,443] multiqc                                            [DEBUG  ]  No samples found: mirtop
[2021-03-28 23:38:22,446] multiqc                                            [DEBUG  ]  No samples found: homer
[2021-03-28 23:38:22,448] multiqc                                            [DEBUG  ]  No samples found: macs2
[2021-03-28 23:38:22,450] multiqc                                            [DEBUG  ]  No samples found: theta2
[2021-03-28 23:38:22,453] multiqc                                            [DEBUG  ]  No samples found: snpeff
[2021-03-28 23:38:22,456] multiqc                                            [DEBUG  ]  No samples found: gatk
[2021-03-28 23:38:22,458] multiqc                                            [DEBUG  ]  No samples found: htseq
[2021-03-28 23:38:22,462] multiqc                                            [DEBUG  ]  No samples found: bcftools
[2021-03-28 23:38:22,464] multiqc                                            [DEBUG  ]  No samples found: featureCounts
[2021-03-28 23:38:22,467] multiqc                                            [DEBUG  ]  No samples found: fgbio
[2021-03-28 23:38:22,471] multiqc                                            [DEBUG  ]  No samples found: dragen
[2021-03-28 23:38:22,473] multiqc                                            [DEBUG  ]  No samples found: dedup
[2021-03-28 23:38:22,476] multiqc                                            [DEBUG  ]  No samples found: damageprofiler
[2021-03-28 23:38:22,482] multiqc                                            [DEBUG  ]  No samples found: biobambam2
[2021-03-28 23:38:22,484] multiqc                                            [DEBUG  ]  No samples found: mtnucratio
[2021-03-28 23:38:22,487] multiqc                                            [DEBUG  ]  No samples found: picard
[2021-03-28 23:38:22,489] multiqc                                            [DEBUG  ]  No samples found: prokka
[2021-03-28 23:38:22,492] multiqc                                            [DEBUG  ]  No samples found: samblaster
[2021-03-28 23:38:22,495] multiqc                                            [DEBUG  ]  No samples found: samtools
[2021-03-28 23:38:22,497] multiqc                                            [DEBUG  ]  No samples found: sexdeterrmine
[2021-03-28 23:38:22,499] multiqc                                            [DEBUG  ]  No samples found: bamtools
[2021-03-28 23:38:22,502] multiqc                                            [DEBUG  ]  No samples found: jellyfish
[2021-03-28 23:38:22,505] multiqc                                            [DEBUG  ]  No samples found: vcftools
[2021-03-28 23:38:22,507] multiqc                                            [DEBUG  ]  No samples found: longranger
[2021-03-28 23:38:22,509] multiqc                                            [DEBUG  ]  No samples found: stacks
[2021-03-28 23:38:22,512] multiqc                                            [DEBUG  ]  No samples found: varscan2
[2021-03-28 23:38:22,516] multiqc                                            [DEBUG  ]  No samples found: bbmap
[2021-03-28 23:38:22,518] multiqc                                            [DEBUG  ]  No samples found: bismark
[2021-03-28 23:38:22,521] multiqc                                            [DEBUG  ]  No samples found: biscuit
[2021-03-28 23:38:22,523] multiqc                                            [DEBUG  ]  No samples found: hicexplorer
[2021-03-28 23:38:22,525] multiqc                                            [DEBUG  ]  No samples found: hicup
[2021-03-28 23:38:22,528] multiqc                                            [DEBUG  ]  No samples found: hicpro
[2021-03-28 23:38:22,530] multiqc                                            [DEBUG  ]  No samples found: salmon
[2021-03-28 23:38:22,532] multiqc                                            [DEBUG  ]  No samples found: kallisto
[2021-03-28 23:38:22,535] multiqc                                            [DEBUG  ]  No samples found: slamdunk
[2021-03-28 23:38:22,537] multiqc                                            [DEBUG  ]  No samples found: star
[2021-03-28 23:38:22,539] multiqc                                            [DEBUG  ]  No samples found: hisat2
[2021-03-28 23:38:22,542] multiqc                                            [DEBUG  ]  No samples found: tophat
[2021-03-28 23:38:22,544] multiqc                                            [DEBUG  ]  No samples found: bowtie2
[2021-03-28 23:38:22,546] multiqc                                            [DEBUG  ]  No samples found: bowtie1
[2021-03-28 23:38:22,549] multiqc                                            [DEBUG  ]  No samples found: snpsplit
[2021-03-28 23:38:22,551] multiqc                                            [DEBUG  ]  No samples found: kat
[2021-03-28 23:38:22,553] multiqc                                            [DEBUG  ]  No samples found: leehom
[2021-03-28 23:38:22,556] multiqc                                            [DEBUG  ]  No samples found: adapterRemoval
[2021-03-28 23:38:22,558] multiqc                                            [DEBUG  ]  No samples found: clipandmerge
[2021-03-28 23:38:22,560] multiqc                                            [DEBUG  ]  No samples found: cutadapt
[2021-03-28 23:38:22,563] multiqc                                            [DEBUG  ]  No samples found: flexbar
[2021-03-28 23:38:22,565] multiqc                                            [DEBUG  ]  No samples found: kaiju
[2021-03-28 23:38:22,567] multiqc                                            [DEBUG  ]  No samples found: kraken
[2021-03-28 23:38:22,571] multiqc                                            [DEBUG  ]  No samples found: malt
[2021-03-28 23:38:22,573] multiqc                                            [DEBUG  ]  No samples found: trimmomatic
[2021-03-28 23:38:22,575] multiqc                                            [DEBUG  ]  No samples found: sickle
[2021-03-28 23:38:22,577] multiqc                                            [DEBUG  ]  No samples found: skewer
[2021-03-28 23:38:22,580] multiqc                                            [DEBUG  ]  No samples found: sortmerna
[2021-03-28 23:38:22,582] multiqc                                            [DEBUG  ]  No samples found: biobloomtools
[2021-03-28 23:38:22,584] multiqc                                            [DEBUG  ]  No samples found: fastq_screen
[2021-03-28 23:38:22,587] multiqc                                            [DEBUG  ]  No samples found: afterqc
[2021-03-28 23:38:22,589] multiqc                                            [DEBUG  ]  No samples found: fastp
[2021-03-28 23:38:22,631] multiqc.modules.fastqc.fastqc                      [INFO   ]  Found 24 reports
[2021-03-28 23:38:22,866] multiqc                                            [DEBUG  ]  No samples found: pycoqc
[2021-03-28 23:38:22,868] multiqc                                            [DEBUG  ]  No samples found: minionqc
[2021-03-28 23:38:22,870] multiqc                                            [DEBUG  ]  No samples found: multivcfanalyzer
[2021-03-28 23:38:22,873] multiqc                                            [DEBUG  ]  No samples found: clusterflow
[2021-03-28 23:38:22,875] multiqc                                            [DEBUG  ]  No samples found: bcl2fastq
[2021-03-28 23:38:22,877] multiqc                                            [DEBUG  ]  No samples found: interop
[2021-03-28 23:38:22,880] multiqc                                            [DEBUG  ]  No samples found: ivar
[2021-03-28 23:38:22,882] multiqc                                            [DEBUG  ]  No samples found: flash
[2021-03-28 23:38:22,906] multiqc                                            [DEBUG  ]  No samples found: seqyclean
[2021-03-28 23:38:22,935] multiqc                                            [INFO   ]  Compressing plot data
[2021-03-28 23:38:23,190] multiqc                                            [INFO   ]  Report      : qc_reports/summary_trimmed/multiqc_report.html
[2021-03-28 23:38:23,190] multiqc                                            [INFO   ]  Data        : qc_reports/summary_trimmed/multiqc_data
[2021-03-28 23:38:23,190] multiqc                                            [DEBUG  ]  Moving data file from '/tmp/tmpcygkmzgh/multiqc_data' to 'qc_reports/summary_trimmed/multiqc_data'
[2021-03-28 23:38:23,270] multiqc                                            [INFO   ]  MultiQC complete
