This is cutadapt 2.9 with Python 3.7.4
Command line parameters: -a CTGTCTCTTATACAC -A CTGTCTCTTATACAC -m 20 -q 20 -o data/trimmed_data/68_S54_R1_001TRIMMED.fastq.gz -p data/trimmed_data/68_S54_R2_001TRIMMED.fastq.gz data/raw_data/68_S54_R1_001.fastq.gz data/raw_data/68_S54_R2_001.fastq.gz
Processing reads on 1 core in paired-end mode ...
Finished in 1519.19 s (49 us/read; 1.23 M reads/minute).

=== Summary ===

Total read pairs processed:         31,258,771
  Read 1 with adapter:               1,305,833 (4.2%)
  Read 2 with adapter:               1,311,782 (4.2%)
Pairs written (passing filters):    31,247,798 (100.0%)

Total basepairs processed: 3,125,877,100 bp
  Read 1: 1,562,938,550 bp
  Read 2: 1,562,938,550 bp
Quality-trimmed:               4,348,118 bp (0.1%)
  Read 1:     2,136,280 bp
  Read 2:     2,211,838 bp
Total written (filtered):  3,107,318,377 bp (99.4%)
  Read 1: 1,553,547,754 bp
  Read 2: 1,553,770,623 bp

=== First read: Adapter 1 ===

Sequence: CTGTCTCTTATACAC; Type: regular 3'; Length: 15; Trimmed: 1305833 times

No. of allowed errors:
0-9 bp: 0; 10-15 bp: 1

Bases preceding removed adapters:
  A: 15.4%
  C: 34.9%
  G: 27.9%
  T: 21.8%
  none/other: 0.0%

Overview of removed sequences
length	count	expect	max.err	error counts
3	728517	488418.3	0	728517
4	179799	122104.6	0	179799
5	85393	30526.1	0	85393
6	55524	7631.5	0	55524
7	28463	1907.9	0	28463
8	25557	477.0	0	25557
9	25127	119.2	0	24578 549
10	27370	29.8	1	25717 1653
11	26069	7.5	1	25138 931
12	26113	1.9	1	24915 1198
13	22177	0.5	1	21549 628
14	18278	0.1	1	17661 617
15	11842	0.0	1	11472 370
16	13207	0.0	1	12750 457
17	3821	0.0	1	3722 99
18	7665	0.0	1	7413 252
19	7084	0.0	1	6893 191
20	6579	0.0	1	6376 203
21	3590	0.0	1	3465 125
22	2081	0.0	1	2015 66
23	1047	0.0	1	1007 40
24	210	0.0	1	196 14
25	66	0.0	1	53 13
26	38	0.0	1	31 7
27	32	0.0	1	28 4
28	37	0.0	1	29 8
29	27	0.0	1	25 2
30	14	0.0	1	12 2
31	14	0.0	1	12 2
32	7	0.0	1	6 1
33	12	0.0	1	11 1
34	8	0.0	1	5 3
35	12	0.0	1	9 3
36	7	0.0	1	4 3
37	3	0.0	1	2 1
38	8	0.0	1	3 5
39	3	0.0	1	2 1
40	4	0.0	1	2 2
41	10	0.0	1	7 3
42	11	0.0	1	5 6
43	4	0.0	1	0 4
44	1	0.0	1	0 1
47	2	0.0	1	0 2


=== Second read: Adapter 2 ===

Sequence: CTGTCTCTTATACAC; Type: regular 3'; Length: 15; Trimmed: 1311782 times

No. of allowed errors:
0-9 bp: 0; 10-15 bp: 1

Bases preceding removed adapters:
  A: 15.4%
  C: 34.7%
  G: 28.2%
  T: 21.8%
  none/other: 0.0%

Overview of removed sequences
length	count	expect	max.err	error counts
3	726142	488418.3	0	726142
4	183516	122104.6	0	183516
5	84838	30526.1	0	84838
6	55691	7631.5	0	55691
7	28576	1907.9	0	28576
8	26276	477.0	0	26276
9	26556	119.2	0	26037 519
10	27230	29.8	1	26191 1039
11	27077	7.5	1	26576 501
12	25881	1.9	1	25439 442
13	22708	0.5	1	22568 140
14	18425	0.1	1	18329 96
15	12129	0.0	1	12032 97
16	9207	0.0	1	9124 83
17	7933	0.0	1	7884 49
18	7708	0.0	1	7665 43
19	7478	0.0	1	7420 58
20	6690	0.0	1	6650 40
21	3661	0.0	1	3613 48
22	2222	0.0	1	2195 27
23	1090	0.0	1	1073 17
24	270	0.0	1	256 14
25	113	0.0	1	98 15
26	65	0.0	1	53 12
27	67	0.0	1	55 12
28	44	0.0	1	40 4
29	39	0.0	1	38 1
30	31	0.0	1	23 8
31	17	0.0	1	14 3
32	11	0.0	1	10 1
33	18	0.0	1	16 2
34	9	0.0	1	6 3
35	11	0.0	1	11
36	8	0.0	1	6 2
37	2	0.0	1	1 1
38	9	0.0	1	8 1
39	4	0.0	1	3 1
40	7	0.0	1	3 4
41	8	0.0	1	7 1
42	10	0.0	1	7 3
46	1	0.0	1	0 1
47	3	0.0	1	2 1
48	1	0.0	1	1
