This is cutadapt 3.3 with Python 3.7.3
Command line parameters: -a AGATCGGAAGAGCACACGTCTGAACTCCAGTCA -A AGATCGGAAGAGCGTCGTGTAGGGAAAGAGTGT -m 20 -q 20 -o data/trimmed_data/MAP3Kneg_DSS_D1_REP2_trimmed_read1.fastq.gz -p data/trimmed_data/MAP3Kneg_DSS_D1_REP2_trimmed_read2.fastq.gz data/raw_data/MAP3Kneg_DSS_D1_REP2_read1.fastq.gz data/raw_data/MAP3Kneg_DSS_D1_REP2_read2.fastq.gz
Processing reads on 1 core in paired-end mode ...
Finished in 303.42 s (21 µs/read; 2.91 M reads/minute).

=== Summary ===

Total read pairs processed:         14,695,662
  Read 1 with adapter:                 158,160 (1.1%)
  Read 2 with adapter:                 188,184 (1.3%)
Pairs that were too short:              60,149 (0.4%)
Pairs written (passing filters):    14,635,513 (99.6%)

Total basepairs processed: 2,217,345,406 bp
  Read 1: 1,108,883,962 bp
  Read 2: 1,108,461,444 bp
Quality-trimmed:              10,427,360 bp (0.5%)
  Read 1:     2,523,519 bp
  Read 2:     7,903,841 bp
Total written (filtered):  2,200,935,742 bp (99.3%)
  Read 1: 1,101,420,100 bp
  Read 2: 1,099,515,642 bp

=== First read: Adapter 1 ===

Sequence: AGATCGGAAGAGCACACGTCTGAACTCCAGTCA; Type: regular 3'; Length: 33; Trimmed: 158160 times

No. of allowed errors:
1-9 bp: 0; 10-19 bp: 1; 20-29 bp: 2; 30-33 bp: 3

Bases preceding removed adapters:
  A: 26.7%
  C: 33.2%
  G: 23.1%
  T: 17.0%
  none/other: 0.0%

Overview of removed sequences
length	count	expect	max.err	error counts
3	133176	229619.7	0	133176
4	17181	57404.9	0	17181
5	5975	14351.2	0	5975
6	437	3587.8	0	437
7	86	897.0	0	86
8	30	224.2	0	30
9	30	56.1	0	24 6
10	350	14.0	1	72 278
11	152	3.5	1	27 125
12	241	0.9	1	61 180
13	51	0.2	1	9 42
14	52	0.1	1	7 45
15	31	0.0	1	4 27
16	34	0.0	1	1 33
17	20	0.0	1	0 20
18	24	0.0	1	1 23
19	19	0.0	1	1 18
20	37	0.0	2	0 9 28
21	41	0.0	2	2 10 29
22	50	0.0	2	0 8 42
23	24	0.0	2	1 0 23
24	33	0.0	2	2 2 29
25	15	0.0	2	0 1 14
26	20	0.0	2	0 1 19
27	4	0.0	2	0 0 4
28	4	0.0	2	0 0 4
29	5	0.0	2	0 0 4 1
30	15	0.0	3	0 1 1 13
31	16	0.0	3	0 0 0 16
32	7	0.0	3	0 0 0 7


=== Second read: Adapter 2 ===

Sequence: AGATCGGAAGAGCGTCGTGTAGGGAAAGAGTGT; Type: regular 3'; Length: 33; Trimmed: 188184 times

No. of allowed errors:
1-9 bp: 0; 10-19 bp: 1; 20-29 bp: 2; 30-33 bp: 3

Bases preceding removed adapters:
  A: 36.9%
  C: 26.4%
  G: 24.2%
  T: 12.5%
  none/other: 0.0%

Overview of removed sequences
length	count	expect	max.err	error counts
3	156867	229619.7	0	156867
4	21420	57404.9	0	21420
5	7312	14351.2	0	7312
6	838	3587.8	0	838
7	71	897.0	0	71
8	56	224.2	0	56
9	71	56.1	0	37 34
10	180	14.0	1	35 145
11	455	3.5	1	97 358
12	140	0.9	1	20 120
13	156	0.2	1	38 118
14	51	0.1	1	6 45
15	58	0.0	1	10 48
16	149	0.0	1	20 129
17	47	0.0	1	1 46
18	18	0.0	1	3 15
19	16	0.0	1	2 14
20	19	0.0	2	0 2 17
21	72	0.0	2	2 6 64
22	10	0.0	2	0 1 9
23	15	0.0	2	1 1 13
24	15	0.0	2	0 0 15
25	10	0.0	2	0 0 10
26	10	0.0	2	0 0 10
27	48	0.0	2	0 4 44
28	7	0.0	2	0 0 7
29	18	0.0	2	0 0 18
30	33	0.0	3	0 0 3 30
31	15	0.0	3	0 0 0 15
32	7	0.0	3	0 0 0 7
