This is cutadapt 3.3 with Python 3.7.3
Command line parameters: -a AGATCGGAAGAGCACACGTCTGAACTCCAGTCA -A AGATCGGAAGAGCGTCGTGTAGGGAAAGAGTGT -m 20 -q 20 -o data/trimmed_data/MAP3Kneg_DSS_D1_REP3_trimmed_read1.fastq.gz -p data/trimmed_data/MAP3Kneg_DSS_D1_REP3_trimmed_read2.fastq.gz data/raw_data/MAP3Kneg_DSS_D1_REP3_read1.fastq.gz data/raw_data/MAP3Kneg_DSS_D1_REP3_read2.fastq.gz
Processing reads on 1 core in paired-end mode ...
Finished in 351.65 s (21 µs/read; 2.84 M reads/minute).

=== Summary ===

Total read pairs processed:         16,662,160
  Read 1 with adapter:                 178,121 (1.1%)
  Read 2 with adapter:                 211,333 (1.3%)
Pairs that were too short:              97,180 (0.6%)
Pairs written (passing filters):    16,564,980 (99.4%)

Total basepairs processed: 2,513,009,818 bp
  Read 1: 1,256,731,861 bp
  Read 2: 1,256,277,957 bp
Quality-trimmed:              14,150,222 bp (0.6%)
  Read 1:     2,874,898 bp
  Read 2:    11,275,324 bp
Total written (filtered):  2,489,703,282 bp (99.1%)
  Read 1: 1,246,142,593 bp
  Read 2: 1,243,560,689 bp

=== First read: Adapter 1 ===

Sequence: AGATCGGAAGAGCACACGTCTGAACTCCAGTCA; Type: regular 3'; Length: 33; Trimmed: 178121 times

No. of allowed errors:
1-9 bp: 0; 10-19 bp: 1; 20-29 bp: 2; 30-33 bp: 3

Bases preceding removed adapters:
  A: 24.8%
  C: 34.0%
  G: 23.3%
  T: 17.9%
  none/other: 0.0%

Overview of removed sequences
length	count	expect	max.err	error counts
3	150090	260346.2	0	150090
4	19654	65086.6	0	19654
5	6571	16271.6	0	6571
6	478	4067.9	0	478
7	110	1017.0	0	110
8	42	254.2	0	42
9	31	63.6	0	21 10
10	303	15.9	1	45 258
11	130	4.0	1	22 108
12	181	1.0	1	50 131
13	60	0.2	1	12 48
14	59	0.1	1	8 51
15	23	0.0	1	2 21
16	46	0.0	1	4 42
17	24	0.0	1	0 24
18	29	0.0	1	2 27
19	16	0.0	1	2 14
20	43	0.0	2	1 6 36
21	35	0.0	2	1 6 28
22	44	0.0	2	1 10 33
23	19	0.0	2	0 3 16
24	27	0.0	2	0 0 27
25	18	0.0	2	0 0 18
26	19	0.0	2	0 2 17
27	6	0.0	2	0 0 6
28	2	0.0	2	0 0 2
29	11	0.0	2	0 0 11
30	19	0.0	3	0 0 2 17
31	26	0.0	3	0 0 0 26
32	5	0.0	3	0 0 0 5


=== Second read: Adapter 2 ===

Sequence: AGATCGGAAGAGCGTCGTGTAGGGAAAGAGTGT; Type: regular 3'; Length: 33; Trimmed: 211333 times

No. of allowed errors:
1-9 bp: 0; 10-19 bp: 1; 20-29 bp: 2; 30-33 bp: 3

Bases preceding removed adapters:
  A: 36.4%
  C: 27.2%
  G: 23.7%
  T: 12.7%
  none/other: 0.0%

Overview of removed sequences
length	count	expect	max.err	error counts
3	174717	260346.2	0	174717
4	25029	65086.6	0	25029
5	8936	16271.6	0	8936
6	787	4067.9	0	787
7	132	1017.0	0	132
8	65	254.2	0	65
9	56	63.6	0	35 21
10	180	15.9	1	24 156
11	411	4.0	1	97 314
12	169	1.0	1	36 133
13	148	0.2	1	30 118
14	72	0.1	1	14 58
15	67	0.0	1	6 61
16	145	0.0	1	21 124
17	59	0.0	1	2 57
18	24	0.0	1	4 20
19	16	0.0	1	1 15
20	29	0.0	2	0 4 25
21	74	0.0	2	1 12 61
22	15	0.0	2	1 4 10
23	20	0.0	2	1 1 18
24	26	0.0	2	0 5 21
25	12	0.0	2	0 1 11
26	9	0.0	2	0 1 8
27	41	0.0	2	0 1 40
28	11	0.0	2	0 3 8
29	12	0.0	2	0 1 11
30	37	0.0	3	0 0 5 32
31	17	0.0	3	0 0 0 17
32	12	0.0	3	0 0 0 12
33	5	0.0	3	0 0 0 5
