This is cutadapt 3.3 with Python 3.7.3
Command line parameters: -a AGATCGGAAGAGCACACGTCTGAACTCCAGTCA -A AGATCGGAAGAGCGTCGTGTAGGGAAAGAGTGT -m 20 -q 20 -o data/trimmed_data/WT_DSS_D1_REP2_trimmed_read1.fastq.gz -p data/trimmed_data/WT_DSS_D1_REP2_trimmed_read2.fastq.gz data/raw_data/WT_DSS_D1_REP2_read1.fastq.gz data/raw_data/WT_DSS_D1_REP2_read2.fastq.gz
Processing reads on 1 core in paired-end mode ...
Finished in 410.34 s (21 µs/read; 2.89 M reads/minute).

=== Summary ===

Total read pairs processed:         19,762,425
  Read 1 with adapter:                 193,587 (1.0%)
  Read 2 with adapter:                 231,602 (1.2%)
Pairs that were too short:              49,515 (0.3%)
Pairs written (passing filters):    19,712,910 (99.7%)

Total basepairs processed: 2,983,273,198 bp
  Read 1: 1,491,743,986 bp
  Read 2: 1,491,529,212 bp
Quality-trimmed:              11,058,491 bp (0.4%)
  Read 1:     3,085,303 bp
  Read 2:     7,973,188 bp
Total written (filtered):  2,966,873,802 bp (99.5%)
  Read 1: 1,484,456,540 bp
  Read 2: 1,482,417,262 bp

=== First read: Adapter 1 ===

Sequence: AGATCGGAAGAGCACACGTCTGAACTCCAGTCA; Type: regular 3'; Length: 33; Trimmed: 193587 times

No. of allowed errors:
1-9 bp: 0; 10-19 bp: 1; 20-29 bp: 2; 30-33 bp: 3

Bases preceding removed adapters:
  A: 25.2%
  C: 32.6%
  G: 23.9%
  T: 18.3%
  none/other: 0.0%

Overview of removed sequences
length	count	expect	max.err	error counts
3	164672	308787.9	0	164672
4	19975	77197.0	0	19975
5	7062	19299.2	0	7062
6	522	4824.8	0	522
7	93	1206.2	0	93
8	43	301.6	0	43
9	29	75.4	0	18 11
10	313	18.8	1	42 271
11	144	4.7	1	28 116
12	212	1.2	1	48 164
13	60	0.3	1	15 45
14	63	0.1	1	5 58
15	22	0.0	1	2 20
16	36	0.0	1	8 28
17	22	0.0	1	2 20
18	25	0.0	1	1 24
19	21	0.0	1	2 18 1
20	43	0.0	2	1 5 37
21	47	0.0	2	1 6 40
22	50	0.0	2	1 15 34
23	27	0.0	2	0 3 24
24	22	0.0	2	0 3 19
25	13	0.0	2	0 0 13
26	19	0.0	2	0 0 19
27	11	0.0	2	0 0 11
28	4	0.0	2	0 0 4
29	3	0.0	2	0 0 3
30	14	0.0	3	0 0 2 12
31	15	0.0	3	0 0 0 15
32	4	0.0	3	0 0 0 4
33	1	0.0	3	0 0 0 1


=== Second read: Adapter 2 ===

Sequence: AGATCGGAAGAGCGTCGTGTAGGGAAAGAGTGT; Type: regular 3'; Length: 33; Trimmed: 231602 times

No. of allowed errors:
1-9 bp: 0; 10-19 bp: 1; 20-29 bp: 2; 30-33 bp: 3

Bases preceding removed adapters:
  A: 35.7%
  C: 29.6%
  G: 21.6%
  T: 13.1%
  none/other: 0.0%

Overview of removed sequences
length	count	expect	max.err	error counts
3	184225	308787.9	0	184225
4	36387	77197.0	0	36387
5	8374	19299.2	0	8374
6	711	4824.8	0	711
7	128	1206.2	0	128
8	71	301.6	0	71
9	78	75.4	0	49 29
10	165	18.8	1	22 143
11	434	4.7	1	86 348
12	134	1.2	1	31 103
13	165	0.3	1	29 136
14	70	0.1	1	11 59
15	71	0.0	1	10 61
16	183	0.0	1	30 153
17	57	0.0	1	7 50
18	10	0.0	1	0 10
19	11	0.0	1	1 10
20	35	0.0	2	1 2 32
21	72	0.0	2	1 5 66
22	16	0.0	2	0 1 15
23	19	0.0	2	0 2 17
24	30	0.0	2	1 2 27
25	13	0.0	2	0 1 12
26	13	0.0	2	0 1 12
27	45	0.0	2	0 2 43
28	11	0.0	2	0 0 11
29	19	0.0	2	0 0 19
30	31	0.0	3	0 0 7 24
31	14	0.0	3	0 0 0 14
32	8	0.0	3	0 0 0 8
33	2	0.0	3	0 0 0 2
