This is cutadapt 3.3 with Python 3.7.3
Command line parameters: -a AGATCGGAAGAGCACACGTCTGAACTCCAGTCA -A AGATCGGAAGAGCGTCGTGTAGGGAAAGAGTGT -m 20 -q 20 -o data/trimmed_data/WT_DSS_D1_REP1_trimmed_read1.fastq.gz -p data/trimmed_data/WT_DSS_D1_REP1_trimmed_read2.fastq.gz data/raw_data/WT_DSS_D1_REP1_read1.fastq.gz data/raw_data/WT_DSS_D1_REP1_read2.fastq.gz
Processing reads on 1 core in paired-end mode ...
Finished in 381.48 s (21 µs/read; 2.86 M reads/minute).

=== Summary ===

Total read pairs processed:         18,189,017
  Read 1 with adapter:                 184,463 (1.0%)
  Read 2 with adapter:                 221,865 (1.2%)
Pairs that were too short:              54,204 (0.3%)
Pairs written (passing filters):    18,134,813 (99.7%)

Total basepairs processed: 2,744,001,038 bp
  Read 1: 1,372,203,551 bp
  Read 2: 1,371,797,487 bp
Quality-trimmed:              11,215,022 bp (0.4%)
  Read 1:     3,039,633 bp
  Read 2:     8,175,389 bp
Total written (filtered):  2,727,075,638 bp (99.4%)
  Read 1: 1,364,572,195 bp
  Read 2: 1,362,503,443 bp

=== First read: Adapter 1 ===

Sequence: AGATCGGAAGAGCACACGTCTGAACTCCAGTCA; Type: regular 3'; Length: 33; Trimmed: 184463 times

No. of allowed errors:
1-9 bp: 0; 10-19 bp: 1; 20-29 bp: 2; 30-33 bp: 3

Bases preceding removed adapters:
  A: 23.8%
  C: 33.1%
  G: 23.6%
  T: 19.5%
  none/other: 0.0%

Overview of removed sequences
length	count	expect	max.err	error counts
3	156334	284203.4	0	156334
4	19208	71050.8	0	19208
5	6669	17762.7	0	6669
6	502	4440.7	0	502
7	95	1110.2	0	95
8	40	277.5	0	40
9	34	69.4	0	26 8
10	475	17.3	1	101 374
11	189	4.3	1	42 147
12	299	1.1	1	91 208
13	84	0.3	1	18 66
14	80	0.1	1	6 74
15	35	0.0	1	4 31
16	41	0.0	1	2 39
17	25	0.0	1	1 24
18	32	0.0	1	0 32
19	26	0.0	1	1 25
20	52	0.0	2	0 7 45
21	25	0.0	2	0 7 18
22	54	0.0	2	4 14 36
23	26	0.0	2	0 4 22
24	30	0.0	2	0 4 26
25	18	0.0	2	0 1 17
26	22	0.0	2	0 0 22
27	4	0.0	2	0 0 4
28	1	0.0	2	0 0 1
29	2	0.0	2	0 0 2
30	26	0.0	3	0 0 1 25
31	30	0.0	3	0 0 0 30
32	5	0.0	3	0 0 0 5


=== Second read: Adapter 2 ===

Sequence: AGATCGGAAGAGCGTCGTGTAGGGAAAGAGTGT; Type: regular 3'; Length: 33; Trimmed: 221865 times

No. of allowed errors:
1-9 bp: 0; 10-19 bp: 1; 20-29 bp: 2; 30-33 bp: 3

Bases preceding removed adapters:
  A: 37.3%
  C: 28.0%
  G: 21.9%
  T: 12.9%
  none/other: 0.0%

Overview of removed sequences
length	count	expect	max.err	error counts
3	180026	284203.4	0	180026
4	30047	71050.8	0	30047
5	8946	17762.7	0	8946
6	722	4440.7	0	722
7	126	1110.2	0	126
8	76	277.5	0	76
9	79	69.4	0	43 36
10	179	17.3	1	38 141
11	499	4.3	1	108 391
12	143	1.1	1	25 118
13	173	0.3	1	29 144
14	87	0.1	1	11 76
15	66	0.0	1	8 58
16	200	0.0	1	23 177
17	74	0.0	1	1 73
18	25	0.0	1	1 24
19	14	0.0	1	1 13
20	22	0.0	2	0 3 19
21	108	0.0	2	1 12 95
22	14	0.0	2	0 2 12
23	29	0.0	2	0 4 25
24	17	0.0	2	1 3 13
25	8	0.0	2	0 1 7
26	15	0.0	2	0 1 14
27	56	0.0	2	0 3 53
28	14	0.0	2	0 0 14
29	26	0.0	2	0 0 26
30	44	0.0	3	0 0 12 32
31	21	0.0	3	0 0 0 21
32	9	0.0	3	0 0 0 9
